[1.944s] Invoking command in '/home/orin/test_ws/src/build/turtlebot3_node': CMAKE_PREFIX_PATH=/home/orin/test_ws/src/install/turtlebot3_msgs:/home/orin/test_ws/src/install/dynamixel_sdk:/home/orin/test_ws/src/install/turtlebot3_navigation2:/home/orin/test_ws/src/install/turtlebot3_description:/home/orin/test_ws/src/install/turtlebot3_cartographer:/home/orin/test_ws/src/install/rplidar_ros:/home/orin/test_ws/src/install/dynamixel_sdk_examples:/home/orin/test_ws/src/install/dynamixel_sdk_custom_interfaces:/home/orin/test_ws/src/install/detect_interfaces:/home/orin/test_ws/src/install/turtlebot3_teleop:/home/orin/test_ws/src/install/turtlebot3_example:/home/orin/test_ws/src/install/object_detection:/home/orin/test_ws/src/install/nv2:/home/orin/test_ws/src/install/detect_lane:/home/orin/test_ws/src/install/core:/home/orin/test_ws/src/install/control:/home/orin/test_ws/src/install/camera:/opt/ros/foxy LD_LIBRARY_PATH=/home/orin/test_ws/src/install/turtlebot3_msgs/lib:/home/orin/test_ws/src/install/dynamixel_sdk/lib:/home/orin/test_ws/src/install/dynamixel_sdk_custom_interfaces/lib:/home/orin/test_ws/src/install/detect_interfaces/lib:/opt/ros/foxy/opt/yaml_cpp_vendor/lib:/opt/ros/foxy/opt/rviz_ogre_vendor/lib:/opt/ros/foxy/lib/aarch64-linux-gnu:/opt/ros/foxy/lib:/usr/local/cuda/lib64:/usr/local/cuda/lib64 PYTHONPATH=/home/orin/test_ws/src/install/turtlebot3_msgs/lib/python3.8/site-packages:/home/orin/test_ws/src/install/turtlebot3_teleop/lib/python3.8/site-packages:/home/orin/test_ws/src/install/turtlebot3_example/lib/python3.8/site-packages:/home/orin/test_ws/src/install/object_detection/lib/python3.8/site-packages:/home/orin/test_ws/src/install/nv2/lib/python3.8/site-packages:/home/orin/test_ws/src/install/dynamixel_sdk_custom_interfaces/lib/python3.8/site-packages:/home/orin/test_ws/src/install/detect_lane/lib/python3.8/site-packages:/home/orin/test_ws/src/install/detect_interfaces/lib/python3.8/site-packages:/home/orin/test_ws/src/install/core/lib/python3.8/site-packages:/home/orin/test_ws/src/install/control/lib/python3.8/site-packages:/home/orin/test_ws/src/install/camera/lib/python3.8/site-packages:/opt/ros/foxy/lib/python3.8/site-packages /usr/local/bin/cmake --build /home/orin/test_ws/src/build/turtlebot3_node -- -j12 -l12
[2.664s] [ 14%] [32mBuilding CXX object CMakeFiles/turtlebot3_node_lib.dir/src/odometry.cpp.o[0m
[2.665s] [ 14%] [32mBuilding CXX object CMakeFiles/turtlebot3_node_lib.dir/src/turtlebot3.cpp.o[0m
[6.076s] [01m[K/home/orin/test_ws/src/turtlebot3/turtlebot3_node/src/odometry.cpp:[m[K In constructor â€˜[01m[Krobotis::turtlebot3::Odometry::Odometry(std::shared_ptr<rclcpp::Node>&, double, double)[m[Kâ€™:
[6.076s] [01m[K/home/orin/test_ws/src/turtlebot3/turtlebot3_node/src/odometry.cpp:39:58:[m[K [01;31m[Kerror: [m[Kno matching function for call to â€˜[01m[Krclcpp::Node::declare_parameter<std::string>(const char [18])[m[Kâ€™
[6.077s]    39 |   nh_->declare_parameter<std::string>("odometry.frame_id"[01;31m[K)[m[K;
[6.077s]       |                                                          [01;31m[K^[m[K
[6.077s] In file included from [01m[K/opt/ros/foxy/include/rclcpp/node.hpp:1224[m[K,
[6.077s]                  from [01m[K/opt/ros/foxy/include/rclcpp/executors/single_threaded_executor.hpp:28[m[K,
[6.077s]                  from [01m[K/opt/ros/foxy/include/rclcpp/executors.hpp:22[m[K,
[6.077s]                  from [01m[K/opt/ros/foxy/include/rclcpp/rclcpp.hpp:146[m[K,
[6.077s]                  from [01m[K/opt/ros/foxy/include/message_filters/subscriber.h:38[m[K,
[6.078s]                  from [01m[K/home/orin/test_ws/src/turtlebot3/turtlebot3_node/include/turtlebot3_node/odometry.hpp:25[m[K,
[6.078s]                  from [01m[K/home/orin/test_ws/src/turtlebot3/turtlebot3_node/src/odometry.cpp:17[m[K:
[6.078s] [01m[K/opt/ros/foxy/include/rclcpp/node_impl.hpp:157:1:[m[K [01;36m[Knote: [m[Kcandidate: â€˜[01m[Kauto rclcpp::Node::declare_parameter(const string&, const ParameterT&, const ParameterDescriptor&, bool) [with ParameterT = std::__cxx11::basic_string<char>; std::string = std::__cxx11::basic_string<char>; rcl_interfaces::msg::ParameterDescriptor = rcl_interfaces::msg::ParameterDescriptor_<std::allocator<void> >][m[Kâ€™
[6.078s]   157 | [01;36m[KNode[m[K::declare_parameter(
[6.078s]       | [01;36m[K^~~~[m[K
[6.078s] [01m[K/opt/ros/foxy/include/rclcpp/node_impl.hpp:157:1:[m[K [01;36m[Knote: [m[K  candidate expects 4 arguments, 1 provided
[6.078s] [01m[K/home/orin/test_ws/src/turtlebot3/turtlebot3_node/src/odometry.cpp:40:64:[m[K [01;31m[Kerror: [m[Kno matching function for call to â€˜[01m[Krclcpp::Node::declare_parameter<std::string>(const char [24])[m[Kâ€™
[6.079s]    40 |   nh_->declare_parameter<std::string>("odometry.child_frame_id"[01;31m[K)[m[K;
[6.079s]       |                                                                [01;31m[K^[m[K
[6.079s] In file included from [01m[K/opt/ros/foxy/include/rclcpp/node.hpp:1224[m[K,
[6.079s]                  from [01m[K/opt/ros/foxy/include/rclcpp/executors/single_threaded_executor.hpp:28[m[K,
[6.079s]                  from [01m[K/opt/ros/foxy/include/rclcpp/executors.hpp:22[m[K,
[6.079s]                  from [01m[K/opt/ros/foxy/include/rclcpp/rclcpp.hpp:146[m[K,
[6.079s]                  from [01m[K/opt/ros/foxy/include/message_filters/subscriber.h:38[m[K,
[6.079s]                  from [01m[K/home/orin/test_ws/src/turtlebot3/turtlebot3_node/include/turtlebot3_node/odometry.hpp:25[m[K,
[6.079s]                  from [01m[K/home/orin/test_ws/src/turtlebot3/turtlebot3_node/src/odometry.cpp:17[m[K:
[6.080s] [01m[K/opt/ros/foxy/include/rclcpp/node_impl.hpp:157:1:[m[K [01;36m[Knote: [m[Kcandidate: â€˜[01m[Kauto rclcpp::Node::declare_parameter(const string&, const ParameterT&, const ParameterDescriptor&, bool) [with ParameterT = std::__cxx11::basic_string<char>; std::string = std::__cxx11::basic_string<char>; rcl_interfaces::msg::ParameterDescriptor = rcl_interfaces::msg::ParameterDescriptor_<std::allocator<void> >][m[Kâ€™
[6.080s]   157 | [01;36m[KNode[m[K::declare_parameter(
[6.080s]       | [01;36m[K^~~~[m[K
[6.080s] [01m[K/opt/ros/foxy/include/rclcpp/node_impl.hpp:157:1:[m[K [01;36m[Knote: [m[K  candidate expects 4 arguments, 1 provided
[6.080s] [01m[K/home/orin/test_ws/src/turtlebot3/turtlebot3_node/src/odometry.cpp:42:50:[m[K [01;31m[Kerror: [m[Kno matching function for call to â€˜[01m[Krclcpp::Node::declare_parameter<bool>(const char [17])[m[Kâ€™
[6.080s]    42 |   nh_->declare_parameter<bool>("odometry.use_imu"[01;31m[K)[m[K;
[6.080s]       |                                                  [01;31m[K^[m[K
[6.081s] In file included from [01m[K/opt/ros/foxy/include/rclcpp/node.hpp:1224[m[K,
[6.081s]                  from [01m[K/opt/ros/foxy/include/rclcpp/executors/single_threaded_executor.hpp:28[m[K,
[6.081s]                  from [01m[K/opt/ros/foxy/include/rclcpp/executors.hpp:22[m[K,
[6.081s]                  from [01m[K/opt/ros/foxy/include/rclcpp/rclcpp.hpp:146[m[K,
[6.081s]                  from [01m[K/opt/ros/foxy/include/message_filters/subscriber.h:38[m[K,
[6.081s]                  from [01m[K/home/orin/test_ws/src/turtlebot3/turtlebot3_node/include/turtlebot3_node/odometry.hpp:25[m[K,
[6.081s]                  from [01m[K/home/orin/test_ws/src/turtlebot3/turtlebot3_node/src/odometry.cpp:17[m[K:
[6.081s] [01m[K/opt/ros/foxy/include/rclcpp/node_impl.hpp:157:1:[m[K [01;36m[Knote: [m[Kcandidate: â€˜[01m[Kauto rclcpp::Node::declare_parameter(const string&, const ParameterT&, const ParameterDescriptor&, bool) [with ParameterT = bool; std::string = std::__cxx11::basic_string<char>; rcl_interfaces::msg::ParameterDescriptor = rcl_interfaces::msg::ParameterDescriptor_<std::allocator<void> >][m[Kâ€™
[6.082s]   157 | [01;36m[KNode[m[K::declare_parameter(
[6.082s]       | [01;36m[K^~~~[m[K
[6.082s] [01m[K/opt/ros/foxy/include/rclcpp/node_impl.hpp:157:1:[m[K [01;36m[Knote: [m[K  candidate expects 4 arguments, 1 provided
[6.082s] [01m[K/home/orin/test_ws/src/turtlebot3/turtlebot3_node/src/odometry.cpp:43:53:[m[K [01;31m[Kerror: [m[Kno matching function for call to â€˜[01m[Krclcpp::Node::declare_parameter<bool>(const char [20])[m[Kâ€™
[6.082s]    43 |   nh_->declare_parameter<bool>("odometry.publish_tf"[01;31m[K)[m[K;
[6.082s]       |                                                     [01;31m[K^[m[K
[6.082s] In file included from [01m[K/opt/ros/foxy/include/rclcpp/node.hpp:1224[m[K,
[6.083s]                  from [01m[K/opt/ros/foxy/include/rclcpp/executors/single_threaded_executor.hpp:28[m[K,
[6.083s]                  from [01m[K/opt/ros/foxy/include/rclcpp/executors.hpp:22[m[K,
[6.083s]                  from [01m[K/opt/ros/foxy/include/rclcpp/rclcpp.hpp:146[m[K,
[6.083s]                  from [01m[K/opt/ros/foxy/include/message_filters/subscriber.h:38[m[K,
[6.083s]                  from [01m[K/home/orin/test_ws/src/turtlebot3/turtlebot3_node/include/turtlebot3_node/odometry.hpp:25[m[K,
[6.083s]                  from [01m[K/home/orin/test_ws/src/turtlebot3/turtlebot3_node/src/odometry.cpp:17[m[K:
[6.083s] [01m[K/opt/ros/foxy/include/rclcpp/node_impl.hpp:157:1:[m[K [01;36m[Knote: [m[Kcandidate: â€˜[01m[Kauto rclcpp::Node::declare_parameter(const string&, const ParameterT&, const ParameterDescriptor&, bool) [with ParameterT = bool; std::string = std::__cxx11::basic_string<char>; rcl_interfaces::msg::ParameterDescriptor = rcl_interfaces::msg::ParameterDescriptor_<std::allocator<void> >][m[Kâ€™
[6.083s]   157 | [01;36m[KNode[m[K::declare_parameter(
[6.084s]       | [01;36m[K^~~~[m[K
[6.084s] [01m[K/opt/ros/foxy/include/rclcpp/node_impl.hpp:157:1:[m[K [01;36m[Knote: [m[K  candidate expects 4 arguments, 1 provided
[6.859s] [01m[K/home/orin/test_ws/src/turtlebot3/turtlebot3_node/src/turtlebot3.cpp:[m[K In member function â€˜[01m[Kvoid robotis::turtlebot3::TurtleBot3::init_dynamixel_sdk_wrapper(const string&)[m[Kâ€™:
[6.860s] [01m[K/home/orin/test_ws/src/turtlebot3/turtlebot3_node/src/turtlebot3.cpp:56:47:[m[K [01;31m[Kerror: [m[Kno matching function for call to â€˜[01m[Krobotis::turtlebot3::TurtleBot3::declare_parameter<uint8_t>(const char [10])[m[Kâ€™
[6.860s]    56 |   this->declare_parameter<uint8_t>("opencr.id"[01;31m[K)[m[K;
[6.860s]       |                                               [01;31m[K^[m[K
[6.860s] In file included from [01m[K/opt/ros/foxy/include/rclcpp/node.hpp:1224[m[K,
[6.860s]                  from [01m[K/opt/ros/foxy/include/rclcpp/executors/single_threaded_executor.hpp:28[m[K,
[6.860s]                  from [01m[K/opt/ros/foxy/include/rclcpp/executors.hpp:22[m[K,
[6.860s]                  from [01m[K/opt/ros/foxy/include/rclcpp/rclcpp.hpp:146[m[K,
[6.861s]                  from [01m[K/opt/ros/foxy/include/tf2_ros/transform_broadcaster.h:36[m[K,
[6.861s]                  from [01m[K/home/orin/test_ws/src/turtlebot3/turtlebot3_node/include/turtlebot3_node/turtlebot3.hpp:29[m[K,
[6.861s]                  from [01m[K/home/orin/test_ws/src/turtlebot3/turtlebot3_node/src/turtlebot3.cpp:17[m[K:
[6.861s] [01m[K/opt/ros/foxy/include/rclcpp/node_impl.hpp:157:1:[m[K [01;36m[Knote: [m[Kcandidate: â€˜[01m[Kauto rclcpp::Node::declare_parameter(const string&, const ParameterT&, const ParameterDescriptor&, bool) [with ParameterT = unsigned char; std::string = std::__cxx11::basic_string<char>; rcl_interfaces::msg::ParameterDescriptor = rcl_interfaces::msg::ParameterDescriptor_<std::allocator<void> >][m[Kâ€™
[6.861s]   157 | [01;36m[KNode[m[K::declare_parameter(
[6.861s]       | [01;36m[K^~~~[m[K
[6.861s] [01m[K/opt/ros/foxy/include/rclcpp/node_impl.hpp:157:1:[m[K [01;36m[Knote: [m[K  candidate expects 4 arguments, 1 provided
[6.862s] [01m[K/home/orin/test_ws/src/turtlebot3/turtlebot3_node/src/turtlebot3.cpp:57:50:[m[K [01;31m[Kerror: [m[Kno matching function for call to â€˜[01m[Krobotis::turtlebot3::TurtleBot3::declare_parameter<int>(const char [17])[m[Kâ€™
[6.862s]    57 |   this->declare_parameter<int>("opencr.baud_rate"[01;31m[K)[m[K;
[6.862s]       |                                                  [01;31m[K^[m[K
[6.862s] In file included from [01m[K/opt/ros/foxy/include/rclcpp/node.hpp:1224[m[K,
[6.862s]                  from [01m[K/opt/ros/foxy/include/rclcpp/executors/single_threaded_executor.hpp:28[m[K,
[6.862s]                  from [01m[K/opt/ros/foxy/include/rclcpp/executors.hpp:22[m[K,
[6.862s]                  from [01m[K/opt/ros/foxy/include/rclcpp/rclcpp.hpp:146[m[K,
[6.862s]                  from [01m[K/opt/ros/foxy/include/tf2_ros/transform_broadcaster.h:36[m[K,
[6.863s]                  from [01m[K/home/orin/test_ws/src/turtlebot3/turtlebot3_node/include/turtlebot3_node/turtlebot3.hpp:29[m[K,
[6.863s]                  from [01m[K/home/orin/test_ws/src/turtlebot3/turtlebot3_node/src/turtlebot3.cpp:17[m[K:
[6.863s] [01m[K/opt/ros/foxy/include/rclcpp/node_impl.hpp:157:1:[m[K [01;36m[Knote: [m[Kcandidate: â€˜[01m[Kauto rclcpp::Node::declare_parameter(const string&, const ParameterT&, const ParameterDescriptor&, bool) [with ParameterT = int; std::string = std::__cxx11::basic_string<char>; rcl_interfaces::msg::ParameterDescriptor = rcl_interfaces::msg::ParameterDescriptor_<std::allocator<void> >][m[Kâ€™
[6.863s]   157 | [01;36m[KNode[m[K::declare_parameter(
[6.863s]       | [01;36m[K^~~~[m[K
[6.863s] [01m[K/opt/ros/foxy/include/rclcpp/node_impl.hpp:157:1:[m[K [01;36m[Knote: [m[K  candidate expects 4 arguments, 1 provided
[6.863s] [01m[K/home/orin/test_ws/src/turtlebot3/turtlebot3_node/src/turtlebot3.cpp:58:59:[m[K [01;31m[Kerror: [m[Kno matching function for call to â€˜[01m[Krobotis::turtlebot3::TurtleBot3::declare_parameter<float>(const char [24])[m[Kâ€™
[6.863s]    58 |   this->declare_parameter<float>("opencr.protocol_version"[01;31m[K)[m[K;
[6.864s]       |                                                           [01;31m[K^[m[K
[6.864s] In file included from [01m[K/opt/ros/foxy/include/rclcpp/node.hpp:1224[m[K,
[6.864s]                  from [01m[K/opt/ros/foxy/include/rclcpp/executors/single_threaded_executor.hpp:28[m[K,
[6.864s]                  from [01m[K/opt/ros/foxy/include/rclcpp/executors.hpp:22[m[K,
[6.864s]                  from [01m[K/opt/ros/foxy/include/rclcpp/rclcpp.hpp:146[m[K,
[6.864s]                  from [01m[K/opt/ros/foxy/include/tf2_ros/transform_broadcaster.h:36[m[K,
[6.864s]                  from [01m[K/home/orin/test_ws/src/turtlebot3/turtlebot3_node/include/turtlebot3_node/turtlebot3.hpp:29[m[K,
[6.864s]                  from [01m[K/home/orin/test_ws/src/turtlebot3/turtlebot3_node/src/turtlebot3.cpp:17[m[K:
[6.865s] [01m[K/opt/ros/foxy/include/rclcpp/node_impl.hpp:157:1:[m[K [01;36m[Knote: [m[Kcandidate: â€˜[01m[Kauto rclcpp::Node::declare_parameter(const string&, const ParameterT&, const ParameterDescriptor&, bool) [with ParameterT = float; std::string = std::__cxx11::basic_string<char>; rcl_interfaces::msg::ParameterDescriptor = rcl_interfaces::msg::ParameterDescriptor_<std::allocator<void> >][m[Kâ€™
[6.865s]   157 | [01;36m[KNode[m[K::declare_parameter(
[6.865s]       | [01;36m[K^~~~[m[K
[6.865s] [01m[K/opt/ros/foxy/include/rclcpp/node_impl.hpp:157:1:[m[K [01;36m[Knote: [m[K  candidate expects 4 arguments, 1 provided
[6.870s] [01m[K/home/orin/test_ws/src/turtlebot3/turtlebot3_node/src/turtlebot3.cpp:[m[K In member function â€˜[01m[Kvoid robotis::turtlebot3::TurtleBot3::add_motors()[m[Kâ€™:
[6.871s] [01m[K/home/orin/test_ws/src/turtlebot3/turtlebot3_node/src/turtlebot3.cpp:116:72:[m[K [01;31m[Kerror: [m[Kno matching function for call to â€˜[01m[Krobotis::turtlebot3::TurtleBot3::declare_parameter<float>(const char [37])[m[Kâ€™
[6.871s]   116 |   this->declare_parameter<float>("motors.profile_acceleration_constant"[01;31m[K)[m[K;
[6.871s]       |                                                                        [01;31m[K^[m[K
[6.871s] In file included from [01m[K/opt/ros/foxy/include/rclcpp/node.hpp:1224[m[K,
[6.871s]                  from [01m[K/opt/ros/foxy/include/rclcpp/executors/single_threaded_executor.hpp:28[m[K,
[6.871s]                  from [01m[K/opt/ros/foxy/include/rclcpp/executors.hpp:22[m[K,
[6.871s]                  from [01m[K/opt/ros/foxy/include/rclcpp/rclcpp.hpp:146[m[K,
[6.872s]                  from [01m[K/opt/ros/foxy/include/tf2_ros/transform_broadcaster.h:36[m[K,
[6.872s]                  from [01m[K/home/orin/test_ws/src/turtlebot3/turtlebot3_node/include/turtlebot3_node/turtlebot3.hpp:29[m[K,
[6.872s]                  from [01m[K/home/orin/test_ws/src/turtlebot3/turtlebot3_node/src/turtlebot3.cpp:17[m[K:
[6.872s] [01m[K/opt/ros/foxy/include/rclcpp/node_impl.hpp:157:1:[m[K [01;36m[Knote: [m[Kcandidate: â€˜[01m[Kauto rclcpp::Node::declare_parameter(const string&, const ParameterT&, const ParameterDescriptor&, bool) [with ParameterT = float; std::string = std::__cxx11::basic_string<char>; rcl_interfaces::msg::ParameterDescriptor = rcl_interfaces::msg::ParameterDescriptor_<std::allocator<void> >][m[Kâ€™
[6.872s]   157 | [01;36m[KNode[m[K::declare_parameter(
[6.873s]       | [01;36m[K^~~~[m[K
[6.873s] [01m[K/opt/ros/foxy/include/rclcpp/node_impl.hpp:157:1:[m[K [01;36m[Knote: [m[K  candidate expects 4 arguments, 1 provided
[6.873s] [01m[K/home/orin/test_ws/src/turtlebot3/turtlebot3_node/src/turtlebot3.cpp:117:63:[m[K [01;31m[Kerror: [m[Kno matching function for call to â€˜[01m[Krobotis::turtlebot3::TurtleBot3::declare_parameter<float>(const char [28])[m[Kâ€™
[6.873s]   117 |   this->declare_parameter<float>("motors.profile_acceleration"[01;31m[K)[m[K;
[6.873s]       |                                                               [01;31m[K^[m[K
[6.873s] In file included from [01m[K/opt/ros/foxy/include/rclcpp/node.hpp:1224[m[K,
[6.873s]                  from [01m[K/opt/ros/foxy/include/rclcpp/executors/single_threaded_executor.hpp:28[m[K,
[6.873s]                  from [01m[K/opt/ros/foxy/include/rclcpp/executors.hpp:22[m[K,
[6.874s]                  from [01m[K/opt/ros/foxy/include/rclcpp/rclcpp.hpp:146[m[K,
[6.874s]                  from [01m[K/opt/ros/foxy/include/tf2_ros/transform_broadcaster.h:36[m[K,
[6.874s]                  from [01m[K/home/orin/test_ws/src/turtlebot3/turtlebot3_node/include/turtlebot3_node/turtlebot3.hpp:29[m[K,
[6.875s]                  from [01m[K/home/orin/test_ws/src/turtlebot3/turtlebot3_node/src/turtlebot3.cpp:17[m[K:
[6.875s] [01m[K/opt/ros/foxy/include/rclcpp/node_impl.hpp:157:1:[m[K [01;36m[Knote: [m[Kcandidate: â€˜[01m[Kauto rclcpp::Node::declare_parameter(const string&, const ParameterT&, const ParameterDescriptor&, bool) [with ParameterT = float; std::string = std::__cxx11::basic_string<char>; rcl_interfaces::msg::ParameterDescriptor = rcl_interfaces::msg::ParameterDescriptor_<std::allocator<void> >][m[Kâ€™
[6.875s]   157 | [01;36m[KNode[m[K::declare_parameter(
[6.875s]       | [01;36m[K^~~~[m[K
[6.875s] [01m[K/opt/ros/foxy/include/rclcpp/node_impl.hpp:157:1:[m[K [01;36m[Knote: [m[K  candidate expects 4 arguments, 1 provided
[6.875s] [01m[K/home/orin/test_ws/src/turtlebot3/turtlebot3_node/src/turtlebot3.cpp:[m[K In member function â€˜[01m[Kvoid robotis::turtlebot3::TurtleBot3::add_wheels()[m[Kâ€™:
[6.875s] [01m[K/home/orin/test_ws/src/turtlebot3/turtlebot3_node/src/turtlebot3.cpp:134:53:[m[K [01;31m[Kerror: [m[Kno matching function for call to â€˜[01m[Krobotis::turtlebot3::TurtleBot3::declare_parameter<float>(const char [18])[m[Kâ€™
[6.876s]   134 |   this->declare_parameter<float>("wheels.separation"[01;31m[K)[m[K;
[6.876s]       |                                                     [01;31m[K^[m[K
[6.876s] In file included from [01m[K/opt/ros/foxy/include/rclcpp/node.hpp:1224[m[K,
[6.876s]                  from [01m[K/opt/ros/foxy/include/rclcpp/executors/single_threaded_executor.hpp:28[m[K,
[6.876s]                  from [01m[K/opt/ros/foxy/include/rclcpp/executors.hpp:22[m[K,
[6.876s]                  from [01m[K/opt/ros/foxy/include/rclcpp/rclcpp.hpp:146[m[K,
[6.876s]                  from [01m[K/opt/ros/foxy/include/tf2_ros/transform_broadcaster.h:36[m[K,
[6.876s]                  from [01m[K/home/orin/test_ws/src/turtlebot3/turtlebot3_node/include/turtlebot3_node/turtlebot3.hpp:29[m[K,
[6.877s]                  from [01m[K/home/orin/test_ws/src/turtlebot3/turtlebot3_node/src/turtlebot3.cpp:17[m[K:
[6.877s] [01m[K/opt/ros/foxy/include/rclcpp/node_impl.hpp:157:1:[m[K [01;36m[Knote: [m[Kcandidate: â€˜[01m[Kauto rclcpp::Node::declare_parameter(const string&, const ParameterT&, const ParameterDescriptor&, bool) [with ParameterT = float; std::string = std::__cxx11::basic_string<char>; rcl_interfaces::msg::ParameterDescriptor = rcl_interfaces::msg::ParameterDescriptor_<std::allocator<void> >][m[Kâ€™
[6.877s]   157 | [01;36m[KNode[m[K::declare_parameter(
[6.877s]       | [01;36m[K^~~~[m[K
[6.877s] [01m[K/opt/ros/foxy/include/rclcpp/node_impl.hpp:157:1:[m[K [01;36m[Knote: [m[K  candidate expects 4 arguments, 1 provided
[6.877s] [01m[K/home/orin/test_ws/src/turtlebot3/turtlebot3_node/src/turtlebot3.cpp:135:49:[m[K [01;31m[Kerror: [m[Kno matching function for call to â€˜[01m[Krobotis::turtlebot3::TurtleBot3::declare_parameter<float>(const char [14])[m[Kâ€™
[6.877s]   135 |   this->declare_parameter<float>("wheels.radius"[01;31m[K)[m[K;
[6.878s]       |                                                 [01;31m[K^[m[K
[6.878s] In file included from [01m[K/opt/ros/foxy/include/rclcpp/node.hpp:1224[m[K,
[6.878s]                  from [01m[K/opt/ros/foxy/include/rclcpp/executors/single_threaded_executor.hpp:28[m[K,
[6.878s]                  from [01m[K/opt/ros/foxy/include/rclcpp/executors.hpp:22[m[K,
[6.878s]                  from [01m[K/opt/ros/foxy/include/rclcpp/rclcpp.hpp:146[m[K,
[6.878s]                  from [01m[K/opt/ros/foxy/include/tf2_ros/transform_broadcaster.h:36[m[K,
[6.878s]                  from [01m[K/home/orin/test_ws/src/turtlebot3/turtlebot3_node/include/turtlebot3_node/turtlebot3.hpp:29[m[K,
[6.878s]                  from [01m[K/home/orin/test_ws/src/turtlebot3/turtlebot3_node/src/turtlebot3.cpp:17[m[K:
[6.879s] [01m[K/opt/ros/foxy/include/rclcpp/node_impl.hpp:157:1:[m[K [01;36m[Knote: [m[Kcandidate: â€˜[01m[Kauto rclcpp::Node::declare_parameter(const string&, const ParameterT&, const ParameterDescriptor&, bool) [with ParameterT = float; std::string = std::__cxx11::basic_string<char>; rcl_interfaces::msg::ParameterDescriptor = rcl_interfaces::msg::ParameterDescriptor_<std::allocator<void> >][m[Kâ€™
[6.879s]   157 | [01;36m[KNode[m[K::declare_parameter(
[6.879s]       | [01;36m[K^~~~[m[K
[6.879s] [01m[K/opt/ros/foxy/include/rclcpp/node_impl.hpp:157:1:[m[K [01;36m[Knote: [m[K  candidate expects 4 arguments, 1 provided
[6.879s] [01m[K/home/orin/test_ws/src/turtlebot3/turtlebot3_node/src/turtlebot3.cpp:[m[K In member function â€˜[01m[Kvoid robotis::turtlebot3::TurtleBot3::add_sensors()[m[Kâ€™:
[6.879s] [01m[K/home/orin/test_ws/src/turtlebot3/turtlebot3_node/src/turtlebot3.cpp:151:54:[m[K [01;31m[Kerror: [m[Kno matching function for call to â€˜[01m[Krobotis::turtlebot3::TurtleBot3::declare_parameter<uint8_t>(const char [17])[m[Kâ€™
[6.879s]   151 |   this->declare_parameter<uint8_t>("sensors.bumper_1"[01;31m[K)[m[K;
[6.879s]       |                                                      [01;31m[K^[m[K
[6.880s] In file included from [01m[K/opt/ros/foxy/include/rclcpp/node.hpp:1224[m[K,
[6.880s]                  from [01m[K/opt/ros/foxy/include/rclcpp/executors/single_threaded_executor.hpp:28[m[K,
[6.880s]                  from [01m[K/opt/ros/foxy/include/rclcpp/executors.hpp:22[m[K,
[6.880s]                  from [01m[K/opt/ros/foxy/include/rclcpp/rclcpp.hpp:146[m[K,
[6.880s]                  from [01m[K/opt/ros/foxy/include/tf2_ros/transform_broadcaster.h:36[m[K,
[6.880s]                  from [01m[K/home/orin/test_ws/src/turtlebot3/turtlebot3_node/include/turtlebot3_node/turtlebot3.hpp:29[m[K,
[6.880s]                  from [01m[K/home/orin/test_ws/src/turtlebot3/turtlebot3_node/src/turtlebot3.cpp:17[m[K:
[6.880s] [01m[K/opt/ros/foxy/include/rclcpp/node_impl.hpp:157:1:[m[K [01;36m[Knote: [m[Kcandidate: â€˜[01m[Kauto rclcpp::Node::declare_parameter(const string&, const ParameterT&, const ParameterDescriptor&, bool) [with ParameterT = unsigned char; std::string = std::__cxx11::basic_string<char>; rcl_interfaces::msg::ParameterDescriptor = rcl_interfaces::msg::ParameterDescriptor_<std::allocator<void> >][m[Kâ€™
[6.881s]   157 | [01;36m[KNode[m[K::declare_parameter(
[6.881s]       | [01;36m[K^~~~[m[K
[6.881s] [01m[K/opt/ros/foxy/include/rclcpp/node_impl.hpp:157:1:[m[K [01;36m[Knote: [m[K  candidate expects 4 arguments, 1 provided
[6.881s] [01m[K/home/orin/test_ws/src/turtlebot3/turtlebot3_node/src/turtlebot3.cpp:152:54:[m[K [01;31m[Kerror: [m[Kno matching function for call to â€˜[01m[Krobotis::turtlebot3::TurtleBot3::declare_parameter<uint8_t>(const char [17])[m[Kâ€™
[6.881s]   152 |   this->declare_parameter<uint8_t>("sensors.bumper_2"[01;31m[K)[m[K;
[6.881s]       |                                                      [01;31m[K^[m[K
[6.881s] In file included from [01m[K/opt/ros/foxy/include/rclcpp/node.hpp:1224[m[K,
[6.881s]                  from [01m[K/opt/ros/foxy/include/rclcpp/executors/single_threaded_executor.hpp:28[m[K,
[6.882s]                  from [01m[K/opt/ros/foxy/include/rclcpp/executors.hpp:22[m[K,
[6.882s]                  from [01m[K/opt/ros/foxy/include/rclcpp/rclcpp.hpp:146[m[K,
[6.882s]                  from [01m[K/opt/ros/foxy/include/tf2_ros/transform_broadcaster.h:36[m[K,
[6.882s]                  from [01m[K/home/orin/test_ws/src/turtlebot3/turtlebot3_node/include/turtlebot3_node/turtlebot3.hpp:29[m[K,
[6.882s]                  from [01m[K/home/orin/test_ws/src/turtlebot3/turtlebot3_node/src/turtlebot3.cpp:17[m[K:
[6.882s] [01m[K/opt/ros/foxy/include/rclcpp/node_impl.hpp:157:1:[m[K [01;36m[Knote: [m[Kcandidate: â€˜[01m[Kauto rclcpp::Node::declare_parameter(const string&, const ParameterT&, const ParameterDescriptor&, bool) [with ParameterT = unsigned char; std::string = std::__cxx11::basic_string<char>; rcl_interfaces::msg::ParameterDescriptor = rcl_interfaces::msg::ParameterDescriptor_<std::allocator<void> >][m[Kâ€™
[6.882s]   157 | [01;36m[KNode[m[K::declare_parameter(
[6.882s]       | [01;36m[K^~~~[m[K
[6.883s] [01m[K/opt/ros/foxy/include/rclcpp/node_impl.hpp:157:1:[m[K [01;36m[Knote: [m[K  candidate expects 4 arguments, 1 provided
[6.883s] [01m[K/home/orin/test_ws/src/turtlebot3/turtlebot3_node/src/turtlebot3.cpp:153:58:[m[K [01;31m[Kerror: [m[Kno matching function for call to â€˜[01m[Krobotis::turtlebot3::TurtleBot3::declare_parameter<uint8_t>(const char [21])[m[Kâ€™
[6.883s]   153 |   this->declare_parameter<uint8_t>("sensors.illumination"[01;31m[K)[m[K;
[6.883s]       |                                                          [01;31m[K^[m[K
[6.883s] In file included from [01m[K/opt/ros/foxy/include/rclcpp/node.hpp:1224[m[K,
[6.883s]                  from [01m[K/opt/ros/foxy/include/rclcpp/executors/single_threaded_executor.hpp:28[m[K,
[6.883s]                  from [01m[K/opt/ros/foxy/include/rclcpp/executors.hpp:22[m[K,
[6.883s]                  from [01m[K/opt/ros/foxy/include/rclcpp/rclcpp.hpp:146[m[K,
[6.884s]                  from [01m[K/opt/ros/foxy/include/tf2_ros/transform_broadcaster.h:36[m[K,
[6.884s]                  from [01m[K/home/orin/test_ws/src/turtlebot3/turtlebot3_node/include/turtlebot3_node/turtlebot3.hpp:29[m[K,
[6.884s]                  from [01m[K/home/orin/test_ws/src/turtlebot3/turtlebot3_node/src/turtlebot3.cpp:17[m[K:
[6.884s] [01m[K/opt/ros/foxy/include/rclcpp/node_impl.hpp:157:1:[m[K [01;36m[Knote: [m[Kcandidate: â€˜[01m[Kauto rclcpp::Node::declare_parameter(const string&, const ParameterT&, const ParameterDescriptor&, bool) [with ParameterT = unsigned char; std::string = std::__cxx11::basic_string<char>; rcl_interfaces::msg::ParameterDescriptor = rcl_interfaces::msg::ParameterDescriptor_<std::allocator<void> >][m[Kâ€™
[6.884s]   157 | [01;36m[KNode[m[K::declare_parameter(
[6.884s]       | [01;36m[K^~~~[m[K
[6.884s] [01m[K/opt/ros/foxy/include/rclcpp/node_impl.hpp:157:1:[m[K [01;36m[Knote: [m[K  candidate expects 4 arguments, 1 provided
[6.884s] [01m[K/home/orin/test_ws/src/turtlebot3/turtlebot3_node/src/turtlebot3.cpp:154:48:[m[K [01;31m[Kerror: [m[Kno matching function for call to â€˜[01m[Krobotis::turtlebot3::TurtleBot3::declare_parameter<uint8_t>(const char [11])[m[Kâ€™
[6.885s]   154 |   this->declare_parameter<uint8_t>("sensors.ir"[01;31m[K)[m[K;
[6.885s]       |                                                [01;31m[K^[m[K
[6.885s] In file included from [01m[K/opt/ros/foxy/include/rclcpp/node.hpp:1224[m[K,
[6.885s]                  from [01m[K/opt/ros/foxy/include/rclcpp/executors/single_threaded_executor.hpp:28[m[K,
[6.885s]                  from [01m[K/opt/ros/foxy/include/rclcpp/executors.hpp:22[m[K,
[6.885s]                  from [01m[K/opt/ros/foxy/include/rclcpp/rclcpp.hpp:146[m[K,
[6.885s]                  from [01m[K/opt/ros/foxy/include/tf2_ros/transform_broadcaster.h:36[m[K,
[6.886s]                  from [01m[K/home/orin/test_ws/src/turtlebot3/turtlebot3_node/include/turtlebot3_node/turtlebot3.hpp:29[m[K,
[6.886s]                  from [01m[K/home/orin/test_ws/src/turtlebot3/turtlebot3_node/src/turtlebot3.cpp:17[m[K:
[6.886s] [01m[K/opt/ros/foxy/include/rclcpp/node_impl.hpp:157:1:[m[K [01;36m[Knote: [m[Kcandidate: â€˜[01m[Kauto rclcpp::Node::declare_parameter(const string&, const ParameterT&, const ParameterDescriptor&, bool) [with ParameterT = unsigned char; std::string = std::__cxx11::basic_string<char>; rcl_interfaces::msg::ParameterDescriptor = rcl_interfaces::msg::ParameterDescriptor_<std::allocator<void> >][m[Kâ€™
[6.886s]   157 | [01;36m[KNode[m[K::declare_parameter(
[6.886s]       | [01;36m[K^~~~[m[K
[6.886s] [01m[K/opt/ros/foxy/include/rclcpp/node_impl.hpp:157:1:[m[K [01;36m[Knote: [m[K  candidate expects 4 arguments, 1 provided
[6.886s] [01m[K/home/orin/test_ws/src/turtlebot3/turtlebot3_node/src/turtlebot3.cpp:155:51:[m[K [01;31m[Kerror: [m[Kno matching function for call to â€˜[01m[Krobotis::turtlebot3::TurtleBot3::declare_parameter<uint8_t>(const char [14])[m[Kâ€™
[6.886s]   155 |   this->declare_parameter<uint8_t>("sensors.sonar"[01;31m[K)[m[K;
[6.887s]       |                                                   [01;31m[K^[m[K
[6.887s] In file included from [01m[K/opt/ros/foxy/include/rclcpp/node.hpp:1224[m[K,
[6.887s]                  from [01m[K/opt/ros/foxy/include/rclcpp/executors/single_threaded_executor.hpp:28[m[K,
[6.887s]                  from [01m[K/opt/ros/foxy/include/rclcpp/executors.hpp:22[m[K,
[6.887s]                  from [01m[K/opt/ros/foxy/include/rclcpp/rclcpp.hpp:146[m[K,
[6.887s]                  from [01m[K/opt/ros/foxy/include/tf2_ros/transform_broadcaster.h:36[m[K,
[6.887s]                  from [01m[K/home/orin/test_ws/src/turtlebot3/turtlebot3_node/include/turtlebot3_node/turtlebot3.hpp:29[m[K,
[6.887s]                  from [01m[K/home/orin/test_ws/src/turtlebot3/turtlebot3_node/src/turtlebot3.cpp:17[m[K:
[6.888s] [01m[K/opt/ros/foxy/include/rclcpp/node_impl.hpp:157:1:[m[K [01;36m[Knote: [m[Kcandidate: â€˜[01m[Kauto rclcpp::Node::declare_parameter(const string&, const ParameterT&, const ParameterDescriptor&, bool) [with ParameterT = unsigned char; std::string = std::__cxx11::basic_string<char>; rcl_interfaces::msg::ParameterDescriptor = rcl_interfaces::msg::ParameterDescriptor_<std::allocator<void> >][m[Kâ€™
[6.888s]   157 | [01;36m[KNode[m[K::declare_parameter(
[6.888s]       | [01;36m[K^~~~[m[K
[6.888s] [01m[K/opt/ros/foxy/include/rclcpp/node_impl.hpp:157:1:[m[K [01;36m[Knote: [m[K  candidate expects 4 arguments, 1 provided
[12.174s] make[2]: *** [CMakeFiles/turtlebot3_node_lib.dir/build.make:160: CMakeFiles/turtlebot3_node_lib.dir/src/turtlebot3.cpp.o] Error 1
[12.174s] make[2]: *** Waiting for unfinished jobs....
[14.475s] make[2]: *** [CMakeFiles/turtlebot3_node_lib.dir/build.make:146: CMakeFiles/turtlebot3_node_lib.dir/src/odometry.cpp.o] Error 1
[14.475s] make[1]: *** [CMakeFiles/Makefile2:139: CMakeFiles/turtlebot3_node_lib.dir/all] Error 2
[14.476s] make: *** [Makefile:146: all] Error 2
[14.490s] Invoked command in '/home/orin/test_ws/src/build/turtlebot3_node' returned '2': CMAKE_PREFIX_PATH=/home/orin/test_ws/src/install/turtlebot3_msgs:/home/orin/test_ws/src/install/dynamixel_sdk:/home/orin/test_ws/src/install/turtlebot3_navigation2:/home/orin/test_ws/src/install/turtlebot3_description:/home/orin/test_ws/src/install/turtlebot3_cartographer:/home/orin/test_ws/src/install/rplidar_ros:/home/orin/test_ws/src/install/dynamixel_sdk_examples:/home/orin/test_ws/src/install/dynamixel_sdk_custom_interfaces:/home/orin/test_ws/src/install/detect_interfaces:/home/orin/test_ws/src/install/turtlebot3_teleop:/home/orin/test_ws/src/install/turtlebot3_example:/home/orin/test_ws/src/install/object_detection:/home/orin/test_ws/src/install/nv2:/home/orin/test_ws/src/install/detect_lane:/home/orin/test_ws/src/install/core:/home/orin/test_ws/src/install/control:/home/orin/test_ws/src/install/camera:/opt/ros/foxy LD_LIBRARY_PATH=/home/orin/test_ws/src/install/turtlebot3_msgs/lib:/home/orin/test_ws/src/install/dynamixel_sdk/lib:/home/orin/test_ws/src/install/dynamixel_sdk_custom_interfaces/lib:/home/orin/test_ws/src/install/detect_interfaces/lib:/opt/ros/foxy/opt/yaml_cpp_vendor/lib:/opt/ros/foxy/opt/rviz_ogre_vendor/lib:/opt/ros/foxy/lib/aarch64-linux-gnu:/opt/ros/foxy/lib:/usr/local/cuda/lib64:/usr/local/cuda/lib64 PYTHONPATH=/home/orin/test_ws/src/install/turtlebot3_msgs/lib/python3.8/site-packages:/home/orin/test_ws/src/install/turtlebot3_teleop/lib/python3.8/site-packages:/home/orin/test_ws/src/install/turtlebot3_example/lib/python3.8/site-packages:/home/orin/test_ws/src/install/object_detection/lib/python3.8/site-packages:/home/orin/test_ws/src/install/nv2/lib/python3.8/site-packages:/home/orin/test_ws/src/install/dynamixel_sdk_custom_interfaces/lib/python3.8/site-packages:/home/orin/test_ws/src/install/detect_lane/lib/python3.8/site-packages:/home/orin/test_ws/src/install/detect_interfaces/lib/python3.8/site-packages:/home/orin/test_ws/src/install/core/lib/python3.8/site-packages:/home/orin/test_ws/src/install/control/lib/python3.8/site-packages:/home/orin/test_ws/src/install/camera/lib/python3.8/site-packages:/opt/ros/foxy/lib/python3.8/site-packages /usr/local/bin/cmake --build /home/orin/test_ws/src/build/turtlebot3_node -- -j12 -l12
