[0.046s] Invoking command in '/home/orin/test_ws/src/build/turtlebot3_node': AMENT_PREFIX_PATH=/home/orin/test_ws/src/install/turtlebot3_msgs:/home/orin/test_ws/src/install/dynamixel_sdk:${AMENT_PREFIX_PATH} CMAKE_PREFIX_PATH=/home/orin/test_ws/src/install/turtlebot3_msgs:/home/orin/test_ws/src/install/dynamixel_sdk:/opt/ros/foxy LD_LIBRARY_PATH=/home/orin/test_ws/src/install/turtlebot3_msgs/lib:/home/orin/test_ws/src/install/dynamixel_sdk/lib:/opt/ros/foxy/opt/yaml_cpp_vendor/lib:/opt/ros/foxy/opt/rviz_ogre_vendor/lib:/opt/ros/foxy/lib/aarch64-linux-gnu:/opt/ros/foxy/lib:/usr/local/cuda/lib64:/usr/local/cuda/lib64 PYTHONPATH=/home/orin/test_ws/src/install/turtlebot3_msgs/lib/python3.8/site-packages:${PYTHONPATH} /usr/local/bin/cmake /home/orin/test_ws/src/turtlebot3/turtlebot3_node -DCMAKE_INSTALL_PREFIX=/home/orin/test_ws/src/install/turtlebot3_node
[0.215s] -- The C compiler identification is GNU 9.4.0
[0.333s] -- The CXX compiler identification is GNU 9.4.0
[0.355s] -- Detecting C compiler ABI info
[0.467s] -- Detecting C compiler ABI info - done
[0.492s] -- Check for working C compiler: /usr/bin/cc - skipped
[0.493s] -- Detecting C compile features
[0.493s] -- Detecting C compile features - done
[0.501s] -- Detecting CXX compiler ABI info
[0.636s] -- Detecting CXX compiler ABI info - done
[0.663s] -- Check for working CXX compiler: /usr/bin/c++ - skipped
[0.664s] -- Detecting CXX compile features
[0.664s] -- Detecting CXX compile features - done
[0.670s] -- Found ament_cmake: 0.9.12 (/opt/ros/foxy/share/ament_cmake/cmake)
[0.730s] -- Found PythonInterp: /usr/bin/python3 (found suitable version "3.8.10", minimum required is "3") 
[0.730s] -- Using PYTHON_EXECUTABLE: /usr/bin/python3
[1.197s] -- Found dynamixel_sdk: 3.7.60 (/home/orin/test_ws/src/install/dynamixel_sdk/share/dynamixel_sdk/cmake)
[1.202s] -- Found geometry_msgs: 2.0.5 (/opt/ros/foxy/share/geometry_msgs/cmake)
[1.277s] -- Using all available rosidl_typesupport_c: rosidl_typesupport_fastrtps_c;rosidl_typesupport_introspection_c
[1.290s] -- Found rosidl_adapter: 1.3.1 (/opt/ros/foxy/share/rosidl_adapter/cmake)
[1.525s] -- Found OpenSSL: /usr/lib/aarch64-linux-gnu/libcrypto.so (found version "1.1.1f")  
[1.637s] -- Found FastRTPS: /opt/ros/foxy/include  
[1.882s] -- Using all available rosidl_typesupport_cpp: rosidl_typesupport_fastrtps_cpp;rosidl_typesupport_introspection_cpp
[2.052s] -- Found message_filters: 3.2.7 (/opt/ros/foxy/share/message_filters/cmake)
[2.059s] -- Found nav_msgs: 2.0.5 (/opt/ros/foxy/share/nav_msgs/cmake)
[2.202s] -- Found rclcpp: 2.4.3 (/opt/ros/foxy/share/rclcpp/cmake)
[2.297s] -- Found rmw_implementation_cmake: 1.0.4 (/opt/ros/foxy/share/rmw_implementation_cmake/cmake)
[2.303s] -- Using RMW implementation 'rmw_fastrtps_cpp' as default
[2.304s] -- Performing Test CMAKE_HAVE_LIBC_PTHREAD
[2.438s] -- Performing Test CMAKE_HAVE_LIBC_PTHREAD - Failed
[2.439s] -- Looking for pthread_create in pthreads
[2.539s] -- Looking for pthread_create in pthreads - not found
[2.540s] -- Looking for pthread_create in pthread
[2.669s] -- Looking for pthread_create in pthread - found
[2.672s] -- Found Threads: TRUE  
[2.957s] -- Found sensor_msgs: 2.0.5 (/opt/ros/foxy/share/sensor_msgs/cmake)
[3.102s] -- Found std_srvs: 2.0.5 (/opt/ros/foxy/share/std_srvs/cmake)
[3.125s] -- Found tf2: 0.13.14 (/opt/ros/foxy/share/tf2/cmake)
[3.148s] -- Found tf2_ros: 0.13.14 (/opt/ros/foxy/share/tf2_ros/cmake)
[3.805s] -- Found turtlebot3_msgs: 2.2.3 (/home/orin/test_ws/src/install/turtlebot3_msgs/share/turtlebot3_msgs/cmake)
[4.128s] -- Configuring done
[4.177s] -- Generating done
[4.191s] -- Build files have been written to: /home/orin/test_ws/src/build/turtlebot3_node
[4.224s] Invoked command in '/home/orin/test_ws/src/build/turtlebot3_node' returned '0': AMENT_PREFIX_PATH=/home/orin/test_ws/src/install/turtlebot3_msgs:/home/orin/test_ws/src/install/dynamixel_sdk:${AMENT_PREFIX_PATH} CMAKE_PREFIX_PATH=/home/orin/test_ws/src/install/turtlebot3_msgs:/home/orin/test_ws/src/install/dynamixel_sdk:/opt/ros/foxy LD_LIBRARY_PATH=/home/orin/test_ws/src/install/turtlebot3_msgs/lib:/home/orin/test_ws/src/install/dynamixel_sdk/lib:/opt/ros/foxy/opt/yaml_cpp_vendor/lib:/opt/ros/foxy/opt/rviz_ogre_vendor/lib:/opt/ros/foxy/lib/aarch64-linux-gnu:/opt/ros/foxy/lib:/usr/local/cuda/lib64:/usr/local/cuda/lib64 PYTHONPATH=/home/orin/test_ws/src/install/turtlebot3_msgs/lib/python3.8/site-packages:${PYTHONPATH} /usr/local/bin/cmake /home/orin/test_ws/src/turtlebot3/turtlebot3_node -DCMAKE_INSTALL_PREFIX=/home/orin/test_ws/src/install/turtlebot3_node
[4.230s] Invoking command in '/home/orin/test_ws/src/build/turtlebot3_node': AMENT_PREFIX_PATH=/home/orin/test_ws/src/install/turtlebot3_msgs:/home/orin/test_ws/src/install/dynamixel_sdk:${AMENT_PREFIX_PATH} CMAKE_PREFIX_PATH=/home/orin/test_ws/src/install/turtlebot3_msgs:/home/orin/test_ws/src/install/dynamixel_sdk:/opt/ros/foxy LD_LIBRARY_PATH=/home/orin/test_ws/src/install/turtlebot3_msgs/lib:/home/orin/test_ws/src/install/dynamixel_sdk/lib:/opt/ros/foxy/opt/yaml_cpp_vendor/lib:/opt/ros/foxy/opt/rviz_ogre_vendor/lib:/opt/ros/foxy/lib/aarch64-linux-gnu:/opt/ros/foxy/lib:/usr/local/cuda/lib64:/usr/local/cuda/lib64 PYTHONPATH=/home/orin/test_ws/src/install/turtlebot3_msgs/lib/python3.8/site-packages:${PYTHONPATH} /usr/local/bin/cmake --build /home/orin/test_ws/src/build/turtlebot3_node -- -j12 -l12
[4.347s] [  7%] [32mBuilding CXX object CMakeFiles/turtlebot3_node_lib.dir/src/devices/motor_power.cpp.o[0m
[4.350s] [ 14%] [32mBuilding CXX object CMakeFiles/turtlebot3_node_lib.dir/src/devices/sound.cpp.o[0m
[4.351s] [ 35%] [32mBuilding CXX object CMakeFiles/turtlebot3_node_lib.dir/src/devices/reset.cpp.o[0m
[4.351s] [ 35%] [32mBuilding CXX object CMakeFiles/turtlebot3_node_lib.dir/src/dynamixel_sdk_wrapper.cpp.o[0m
[4.351s] [ 35%] [32mBuilding CXX object CMakeFiles/turtlebot3_node_lib.dir/src/diff_drive_controller.cpp.o[0m
[4.352s] [ 50%] [32mBuilding CXX object CMakeFiles/turtlebot3_node_lib.dir/src/sensors/sensor_state.cpp.o[0m
[4.352s] [ 57%] [32mBuilding CXX object CMakeFiles/turtlebot3_node_lib.dir/src/sensors/joint_state.cpp.o[0m
[4.352s] [ 50%] [32mBuilding CXX object CMakeFiles/turtlebot3_node_lib.dir/src/turtlebot3.cpp.o[0m
[4.352s] [ 64%] [32mBuilding CXX object CMakeFiles/turtlebot3_node_lib.dir/src/sensors/imu.cpp.o[0m
[4.353s] [ 71%] [32mBuilding CXX object CMakeFiles/turtlebot3_node_lib.dir/src/sensors/battery_state.cpp.o[0m
[4.357s] [ 78%] [32mBuilding CXX object CMakeFiles/turtlebot3_node_lib.dir/src/odometry.cpp.o[0m
[8.580s] [01m[K/home/orin/test_ws/src/turtlebot3/turtlebot3_node/src/odometry.cpp:[m[K In constructor â€˜[01m[Krobotis::turtlebot3::Odometry::Odometry(std::shared_ptr<rclcpp::Node>&, double, double)[m[Kâ€™:
[8.587s] [01m[K/home/orin/test_ws/src/turtlebot3/turtlebot3_node/src/odometry.cpp:39:58:[m[K [01;31m[Kerror: [m[Kno matching function for call to â€˜[01m[Krclcpp::Node::declare_parameter<std::string>(const char [18])[m[Kâ€™
[8.588s]    39 |   nh_->declare_parameter<std::string>("odometry.frame_id"[01;31m[K)[m[K;
[8.588s]       |                                                          [01;31m[K^[m[K
[8.588s] In file included from [01m[K/opt/ros/foxy/include/rclcpp/node.hpp:1224[m[K,
[8.588s]                  from [01m[K/opt/ros/foxy/include/rclcpp/executors/single_threaded_executor.hpp:28[m[K,
[8.588s]                  from [01m[K/opt/ros/foxy/include/rclcpp/executors.hpp:22[m[K,
[8.588s]                  from [01m[K/opt/ros/foxy/include/rclcpp/rclcpp.hpp:146[m[K,
[8.589s]                  from [01m[K/opt/ros/foxy/include/message_filters/subscriber.h:38[m[K,
[8.589s]                  from [01m[K/home/orin/test_ws/src/turtlebot3/turtlebot3_node/include/turtlebot3_node/odometry.hpp:25[m[K,
[8.589s]                  from [01m[K/home/orin/test_ws/src/turtlebot3/turtlebot3_node/src/odometry.cpp:17[m[K:
[8.589s] [01m[K/opt/ros/foxy/include/rclcpp/node_impl.hpp:157:1:[m[K [01;36m[Knote: [m[Kcandidate: â€˜[01m[Kauto rclcpp::Node::declare_parameter(const string&, const ParameterT&, const ParameterDescriptor&, bool) [with ParameterT = std::__cxx11::basic_string<char>; std::string = std::__cxx11::basic_string<char>; rcl_interfaces::msg::ParameterDescriptor = rcl_interfaces::msg::ParameterDescriptor_<std::allocator<void> >][m[Kâ€™
[8.589s]   157 | [01;36m[KNode[m[K::declare_parameter(
[8.589s]       | [01;36m[K^~~~[m[K
[8.590s] [01m[K/opt/ros/foxy/include/rclcpp/node_impl.hpp:157:1:[m[K [01;36m[Knote: [m[K  candidate expects 4 arguments, 1 provided
[8.590s] [01m[K/home/orin/test_ws/src/turtlebot3/turtlebot3_node/src/odometry.cpp:40:64:[m[K [01;31m[Kerror: [m[Kno matching function for call to â€˜[01m[Krclcpp::Node::declare_parameter<std::string>(const char [24])[m[Kâ€™
[8.590s]    40 |   nh_->declare_parameter<std::string>("odometry.child_frame_id"[01;31m[K)[m[K;
[8.590s]       |                                                                [01;31m[K^[m[K
[8.590s] In file included from [01m[K/opt/ros/foxy/include/rclcpp/node.hpp:1224[m[K,
[8.590s]                  from [01m[K/opt/ros/foxy/include/rclcpp/executors/single_threaded_executor.hpp:28[m[K,
[8.590s]                  from [01m[K/opt/ros/foxy/include/rclcpp/executors.hpp:22[m[K,
[8.591s]                  from [01m[K/opt/ros/foxy/include/rclcpp/rclcpp.hpp:146[m[K,
[8.591s]                  from [01m[K/opt/ros/foxy/include/message_filters/subscriber.h:38[m[K,
[8.591s]                  from [01m[K/home/orin/test_ws/src/turtlebot3/turtlebot3_node/include/turtlebot3_node/odometry.hpp:25[m[K,
[8.591s]                  from [01m[K/home/orin/test_ws/src/turtlebot3/turtlebot3_node/src/odometry.cpp:17[m[K:
[8.591s] [01m[K/opt/ros/foxy/include/rclcpp/node_impl.hpp:157:1:[m[K [01;36m[Knote: [m[Kcandidate: â€˜[01m[Kauto rclcpp::Node::declare_parameter(const string&, const ParameterT&, const ParameterDescriptor&, bool) [with ParameterT = std::__cxx11::basic_string<char>; std::string = std::__cxx11::basic_string<char>; rcl_interfaces::msg::ParameterDescriptor = rcl_interfaces::msg::ParameterDescriptor_<std::allocator<void> >][m[Kâ€™
[8.591s]   157 | [01;36m[KNode[m[K::declare_parameter(
[8.591s]       | [01;36m[K^~~~[m[K
[8.592s] [01m[K/opt/ros/foxy/include/rclcpp/node_impl.hpp:157:1:[m[K [01;36m[Knote: [m[K  candidate expects 4 arguments, 1 provided
[8.592s] [01m[K/home/orin/test_ws/src/turtlebot3/turtlebot3_node/src/odometry.cpp:42:50:[m[K [01;31m[Kerror: [m[Kno matching function for call to â€˜[01m[Krclcpp::Node::declare_parameter<bool>(const char [17])[m[Kâ€™
[8.592s]    42 |   nh_->declare_parameter<bool>("odometry.use_imu"[01;31m[K)[m[K;
[8.592s]       |                                                  [01;31m[K^[m[K
[8.592s] In file included from [01m[K/opt/ros/foxy/include/rclcpp/node.hpp:1224[m[K,
[8.592s]                  from [01m[K/opt/ros/foxy/include/rclcpp/executors/single_threaded_executor.hpp:28[m[K,
[8.592s]                  from [01m[K/opt/ros/foxy/include/rclcpp/executors.hpp:22[m[K,
[8.593s]                  from [01m[K/opt/ros/foxy/include/rclcpp/rclcpp.hpp:146[m[K,
[8.593s]                  from [01m[K/opt/ros/foxy/include/message_filters/subscriber.h:38[m[K,
[8.593s]                  from [01m[K/home/orin/test_ws/src/turtlebot3/turtlebot3_node/include/turtlebot3_node/odometry.hpp:25[m[K,
[8.593s]                  from [01m[K/home/orin/test_ws/src/turtlebot3/turtlebot3_node/src/odometry.cpp:17[m[K:
[8.593s] [01m[K/opt/ros/foxy/include/rclcpp/node_impl.hpp:157:1:[m[K [01;36m[Knote: [m[Kcandidate: â€˜[01m[Kauto rclcpp::Node::declare_parameter(const string&, const ParameterT&, const ParameterDescriptor&, bool) [with ParameterT = bool; std::string = std::__cxx11::basic_string<char>; rcl_interfaces::msg::ParameterDescriptor = rcl_interfaces::msg::ParameterDescriptor_<std::allocator<void> >][m[Kâ€™
[8.593s]   157 | [01;36m[KNode[m[K::declare_parameter(
[8.593s]       | [01;36m[K^~~~[m[K
[8.594s] [01m[K/opt/ros/foxy/include/rclcpp/node_impl.hpp:157:1:[m[K [01;36m[Knote: [m[K  candidate expects 4 arguments, 1 provided
[8.594s] [01m[K/home/orin/test_ws/src/turtlebot3/turtlebot3_node/src/odometry.cpp:43:53:[m[K [01;31m[Kerror: [m[Kno matching function for call to â€˜[01m[Krclcpp::Node::declare_parameter<bool>(const char [20])[m[Kâ€™
[8.594s]    43 |   nh_->declare_parameter<bool>("odometry.publish_tf"[01;31m[K)[m[K;
[8.594s]       |                                                     [01;31m[K^[m[K
[8.594s] In file included from [01m[K/opt/ros/foxy/include/rclcpp/node.hpp:1224[m[K,
[8.594s]                  from [01m[K/opt/ros/foxy/include/rclcpp/executors/single_threaded_executor.hpp:28[m[K,
[8.594s]                  from [01m[K/opt/ros/foxy/include/rclcpp/executors.hpp:22[m[K,
[8.594s]                  from [01m[K/opt/ros/foxy/include/rclcpp/rclcpp.hpp:146[m[K,
[8.600s]                  from [01m[K/opt/ros/foxy/include/message_filters/subscriber.h:38[m[K,
[8.603s]                  from [01m[K/home/orin/test_ws/src/turtlebot3/turtlebot3_node/include/turtlebot3_node/odometry.hpp:25[m[K,
[8.603s]                  from [01m[K/home/orin/test_ws/src/turtlebot3/turtlebot3_node/src/odometry.cpp:17[m[K:
[8.604s] [01m[K/opt/ros/foxy/include/rclcpp/node_impl.hpp:157:1:[m[K [01;36m[Knote: [m[Kcandidate: â€˜[01m[Kauto rclcpp::Node::declare_parameter(const string&, const ParameterT&, const ParameterDescriptor&, bool) [with ParameterT = bool; std::string = std::__cxx11::basic_string<char>; rcl_interfaces::msg::ParameterDescriptor = rcl_interfaces::msg::ParameterDescriptor_<std::allocator<void> >][m[Kâ€™
[8.604s]   157 | [01;36m[KNode[m[K::declare_parameter(
[8.604s]       | [01;36m[K^~~~[m[K
[8.605s] [01m[K/opt/ros/foxy/include/rclcpp/node_impl.hpp:157:1:[m[K [01;36m[Knote: [m[K  candidate expects 4 arguments, 1 provided
[9.423s] [01m[K/home/orin/test_ws/src/turtlebot3/turtlebot3_node/src/turtlebot3.cpp:[m[K In member function â€˜[01m[Kvoid robotis::turtlebot3::TurtleBot3::init_dynamixel_sdk_wrapper(const string&)[m[Kâ€™:
[9.423s] [01m[K/home/orin/test_ws/src/turtlebot3/turtlebot3_node/src/turtlebot3.cpp:56:47:[m[K [01;31m[Kerror: [m[Kno matching function for call to â€˜[01m[Krobotis::turtlebot3::TurtleBot3::declare_parameter<uint8_t>(const char [10])[m[Kâ€™
[9.424s]    56 |   this->declare_parameter<uint8_t>("opencr.id"[01;31m[K)[m[K;
[9.424s]       |                                               [01;31m[K^[m[K
[9.424s] In file included from [01m[K/opt/ros/foxy/include/rclcpp/node.hpp:1224[m[K,
[9.424s]                  from [01m[K/opt/ros/foxy/include/rclcpp/executors/single_threaded_executor.hpp:28[m[K,
[9.424s]                  from [01m[K/opt/ros/foxy/include/rclcpp/executors.hpp:22[m[K,
[9.424s]                  from [01m[K/opt/ros/foxy/include/rclcpp/rclcpp.hpp:146[m[K,
[9.424s]                  from [01m[K/opt/ros/foxy/include/tf2_ros/transform_broadcaster.h:36[m[K,
[9.425s]                  from [01m[K/home/orin/test_ws/src/turtlebot3/turtlebot3_node/include/turtlebot3_node/turtlebot3.hpp:29[m[K,
[9.425s]                  from [01m[K/home/orin/test_ws/src/turtlebot3/turtlebot3_node/src/turtlebot3.cpp:17[m[K:
[9.425s] [01m[K/opt/ros/foxy/include/rclcpp/node_impl.hpp:157:1:[m[K [01;36m[Knote: [m[Kcandidate: â€˜[01m[Kauto rclcpp::Node::declare_parameter(const string&, const ParameterT&, const ParameterDescriptor&, bool) [with ParameterT = unsigned char; std::string = std::__cxx11::basic_string<char>; rcl_interfaces::msg::ParameterDescriptor = rcl_interfaces::msg::ParameterDescriptor_<std::allocator<void> >][m[Kâ€™
[9.425s]   157 | [01;36m[KNode[m[K::declare_parameter(
[9.425s]       | [01;36m[K^~~~[m[K
[9.425s] [01m[K/opt/ros/foxy/include/rclcpp/node_impl.hpp:157:1:[m[K [01;36m[Knote: [m[K  candidate expects 4 arguments, 1 provided
[9.426s] [01m[K/home/orin/test_ws/src/turtlebot3/turtlebot3_node/src/turtlebot3.cpp:57:50:[m[K [01;31m[Kerror: [m[Kno matching function for call to â€˜[01m[Krobotis::turtlebot3::TurtleBot3::declare_parameter<int>(const char [17])[m[Kâ€™
[9.426s]    57 |   this->declare_parameter<int>("opencr.baud_rate"[01;31m[K)[m[K;
[9.426s]       |                                                  [01;31m[K^[m[K
[9.426s] In file included from [01m[K/opt/ros/foxy/include/rclcpp/node.hpp:1224[m[K,
[9.427s]                  from [01m[K/opt/ros/foxy/include/rclcpp/executors/single_threaded_executor.hpp:28[m[K,
[9.431s]                  from [01m[K/opt/ros/foxy/include/rclcpp/executors.hpp:22[m[K,
[9.432s]                  from [01m[K/opt/ros/foxy/include/rclcpp/rclcpp.hpp:146[m[K,
[9.432s]                  from [01m[K/opt/ros/foxy/include/tf2_ros/transform_broadcaster.h:36[m[K,
[9.432s]                  from [01m[K/home/orin/test_ws/src/turtlebot3/turtlebot3_node/include/turtlebot3_node/turtlebot3.hpp:29[m[K,
[9.432s]                  from [01m[K/home/orin/test_ws/src/turtlebot3/turtlebot3_node/src/turtlebot3.cpp:17[m[K:
[9.432s] [01m[K/opt/ros/foxy/include/rclcpp/node_impl.hpp:157:1:[m[K [01;36m[Knote: [m[Kcandidate: â€˜[01m[Kauto rclcpp::Node::declare_parameter(const string&, const ParameterT&, const ParameterDescriptor&, bool) [with ParameterT = int; std::string = std::__cxx11::basic_string<char>; rcl_interfaces::msg::ParameterDescriptor = rcl_interfaces::msg::ParameterDescriptor_<std::allocator<void> >][m[Kâ€™
[9.432s]   157 | [01;36m[KNode[m[K::declare_parameter(
[9.432s]       | [01;36m[K^~~~[m[K
[9.433s] [01m[K/opt/ros/foxy/include/rclcpp/node_impl.hpp:157:1:[m[K [01;36m[Knote: [m[K  candidate expects 4 arguments, 1 provided
[9.433s] [01m[K/home/orin/test_ws/src/turtlebot3/turtlebot3_node/src/turtlebot3.cpp:58:59:[m[K [01;31m[Kerror: [m[Kno matching function for call to â€˜[01m[Krobotis::turtlebot3::TurtleBot3::declare_parameter<float>(const char [24])[m[Kâ€™
[9.433s]    58 |   this->declare_parameter<float>("opencr.protocol_version"[01;31m[K)[m[K;
[9.433s]       |                                                           [01;31m[K^[m[K
[9.433s] In file included from [01m[K/opt/ros/foxy/include/rclcpp/node.hpp:1224[m[K,
[9.433s]                  from [01m[K/opt/ros/foxy/include/rclcpp/executors/single_threaded_executor.hpp:28[m[K,
[9.433s]                  from [01m[K/opt/ros/foxy/include/rclcpp/executors.hpp:22[m[K,
[9.434s]                  from [01m[K/opt/ros/foxy/include/rclcpp/rclcpp.hpp:146[m[K,
[9.434s]                  from [01m[K/opt/ros/foxy/include/tf2_ros/transform_broadcaster.h:36[m[K,
[9.434s]                  from [01m[K/home/orin/test_ws/src/turtlebot3/turtlebot3_node/include/turtlebot3_node/turtlebot3.hpp:29[m[K,
[9.434s]                  from [01m[K/home/orin/test_ws/src/turtlebot3/turtlebot3_node/src/turtlebot3.cpp:17[m[K:
[9.434s] [01m[K/opt/ros/foxy/include/rclcpp/node_impl.hpp:157:1:[m[K [01;36m[Knote: [m[Kcandidate: â€˜[01m[Kauto rclcpp::Node::declare_parameter(const string&, const ParameterT&, const ParameterDescriptor&, bool) [with ParameterT = float; std::string = std::__cxx11::basic_string<char>; rcl_interfaces::msg::ParameterDescriptor = rcl_interfaces::msg::ParameterDescriptor_<std::allocator<void> >][m[Kâ€™
[9.434s]   157 | [01;36m[KNode[m[K::declare_parameter(
[9.434s]       | [01;36m[K^~~~[m[K
[9.434s] [01m[K/opt/ros/foxy/include/rclcpp/node_impl.hpp:157:1:[m[K [01;36m[Knote: [m[K  candidate expects 4 arguments, 1 provided
[9.443s] [01m[K/home/orin/test_ws/src/turtlebot3/turtlebot3_node/src/turtlebot3.cpp:[m[K In member function â€˜[01m[Kvoid robotis::turtlebot3::TurtleBot3::add_motors()[m[Kâ€™:
[9.443s] [01m[K/home/orin/test_ws/src/turtlebot3/turtlebot3_node/src/turtlebot3.cpp:116:72:[m[K [01;31m[Kerror: [m[Kno matching function for call to â€˜[01m[Krobotis::turtlebot3::TurtleBot3::declare_parameter<float>(const char [37])[m[Kâ€™
[9.444s]   116 |   this->declare_parameter<float>("motors.profile_acceleration_constant"[01;31m[K)[m[K;
[9.451s]       |                                                                        [01;31m[K^[m[K
[9.451s] In file included from [01m[K/opt/ros/foxy/include/rclcpp/node.hpp:1224[m[K,
[9.452s]                  from [01m[K/opt/ros/foxy/include/rclcpp/executors/single_threaded_executor.hpp:28[m[K,
[9.452s]                  from [01m[K/opt/ros/foxy/include/rclcpp/executors.hpp:22[m[K,
[9.452s]                  from [01m[K/opt/ros/foxy/include/rclcpp/rclcpp.hpp:146[m[K,
[9.452s]                  from [01m[K/opt/ros/foxy/include/tf2_ros/transform_broadcaster.h:36[m[K,
[9.452s]                  from [01m[K/home/orin/test_ws/src/turtlebot3/turtlebot3_node/include/turtlebot3_node/turtlebot3.hpp:29[m[K,
[9.452s]                  from [01m[K/home/orin/test_ws/src/turtlebot3/turtlebot3_node/src/turtlebot3.cpp:17[m[K:
[9.452s] [01m[K/opt/ros/foxy/include/rclcpp/node_impl.hpp:157:1:[m[K [01;36m[Knote: [m[Kcandidate: â€˜[01m[Kauto rclcpp::Node::declare_parameter(const string&, const ParameterT&, const ParameterDescriptor&, bool) [with ParameterT = float; std::string = std::__cxx11::basic_string<char>; rcl_interfaces::msg::ParameterDescriptor = rcl_interfaces::msg::ParameterDescriptor_<std::allocator<void> >][m[Kâ€™
[9.453s]   157 | [01;36m[KNode[m[K::declare_parameter(
[9.453s]       | [01;36m[K^~~~[m[K
[9.453s] [01m[K/opt/ros/foxy/include/rclcpp/node_impl.hpp:157:1:[m[K [01;36m[Knote: [m[K  candidate expects 4 arguments, 1 provided
[9.453s] [01m[K/home/orin/test_ws/src/turtlebot3/turtlebot3_node/src/turtlebot3.cpp:117:63:[m[K [01;31m[Kerror: [m[Kno matching function for call to â€˜[01m[Krobotis::turtlebot3::TurtleBot3::declare_parameter<float>(const char [28])[m[Kâ€™
[9.453s]   117 |   this->declare_parameter<float>("motors.profile_acceleration"[01;31m[K)[m[K;
[9.453s]       |                                                               [01;31m[K^[m[K
[9.453s] In file included from [01m[K/opt/ros/foxy/include/rclcpp/node.hpp:1224[m[K,
[9.454s]                  from [01m[K/opt/ros/foxy/include/rclcpp/executors/single_threaded_executor.hpp:28[m[K,
[9.454s]                  from [01m[K/opt/ros/foxy/include/rclcpp/executors.hpp:22[m[K,
[9.454s]                  from [01m[K/opt/ros/foxy/include/rclcpp/rclcpp.hpp:146[m[K,
[9.454s]                  from [01m[K/opt/ros/foxy/include/tf2_ros/transform_broadcaster.h:36[m[K,
[9.454s]                  from [01m[K/home/orin/test_ws/src/turtlebot3/turtlebot3_node/include/turtlebot3_node/turtlebot3.hpp:29[m[K,
[9.454s]                  from [01m[K/home/orin/test_ws/src/turtlebot3/turtlebot3_node/src/turtlebot3.cpp:17[m[K:
[9.454s] [01m[K/opt/ros/foxy/include/rclcpp/node_impl.hpp:157:1:[m[K [01;36m[Knote: [m[Kcandidate: â€˜[01m[Kauto rclcpp::Node::declare_parameter(const string&, const ParameterT&, const ParameterDescriptor&, bool) [with ParameterT = float; std::string = std::__cxx11::basic_string<char>; rcl_interfaces::msg::ParameterDescriptor = rcl_interfaces::msg::ParameterDescriptor_<std::allocator<void> >][m[Kâ€™
[9.455s]   157 | [01;36m[KNode[m[K::declare_parameter(
[9.455s]       | [01;36m[K^~~~[m[K
[9.455s] [01m[K/opt/ros/foxy/include/rclcpp/node_impl.hpp:157:1:[m[K [01;36m[Knote: [m[K  candidate expects 4 arguments, 1 provided
[9.455s] [01m[K/home/orin/test_ws/src/turtlebot3/turtlebot3_node/src/turtlebot3.cpp:[m[K In member function â€˜[01m[Kvoid robotis::turtlebot3::TurtleBot3::add_wheels()[m[Kâ€™:
[9.455s] [01m[K/home/orin/test_ws/src/turtlebot3/turtlebot3_node/src/turtlebot3.cpp:134:53:[m[K [01;31m[Kerror: [m[Kno matching function for call to â€˜[01m[Krobotis::turtlebot3::TurtleBot3::declare_parameter<float>(const char [18])[m[Kâ€™
[9.455s]   134 |   this->declare_parameter<float>("wheels.separation"[01;31m[K)[m[K;
[9.455s]       |                                                     [01;31m[K^[m[K
[9.456s] In file included from [01m[K/opt/ros/foxy/include/rclcpp/node.hpp:1224[m[K,
[9.456s]                  from [01m[K/opt/ros/foxy/include/rclcpp/executors/single_threaded_executor.hpp:28[m[K,
[9.456s]                  from [01m[K/opt/ros/foxy/include/rclcpp/executors.hpp:22[m[K,
[9.456s]                  from [01m[K/opt/ros/foxy/include/rclcpp/rclcpp.hpp:146[m[K,
[9.456s]                  from [01m[K/opt/ros/foxy/include/tf2_ros/transform_broadcaster.h:36[m[K,
[9.456s]                  from [01m[K/home/orin/test_ws/src/turtlebot3/turtlebot3_node/include/turtlebot3_node/turtlebot3.hpp:29[m[K,
[9.456s]                  from [01m[K/home/orin/test_ws/src/turtlebot3/turtlebot3_node/src/turtlebot3.cpp:17[m[K:
[9.457s] [01m[K/opt/ros/foxy/include/rclcpp/node_impl.hpp:157:1:[m[K [01;36m[Knote: [m[Kcandidate: â€˜[01m[Kauto rclcpp::Node::declare_parameter(const string&, const ParameterT&, const ParameterDescriptor&, bool) [with ParameterT = float; std::string = std::__cxx11::basic_string<char>; rcl_interfaces::msg::ParameterDescriptor = rcl_interfaces::msg::ParameterDescriptor_<std::allocator<void> >][m[Kâ€™
[9.457s]   157 | [01;36m[KNode[m[K::declare_parameter(
[9.457s]       | [01;36m[K^~~~[m[K
[9.457s] [01m[K/opt/ros/foxy/include/rclcpp/node_impl.hpp:157:1:[m[K [01;36m[Knote: [m[K  candidate expects 4 arguments, 1 provided
[9.457s] [01m[K/home/orin/test_ws/src/turtlebot3/turtlebot3_node/src/turtlebot3.cpp:135:49:[m[K [01;31m[Kerror: [m[Kno matching function for call to â€˜[01m[Krobotis::turtlebot3::TurtleBot3::declare_parameter<float>(const char [14])[m[Kâ€™
[9.457s]   135 |   this->declare_parameter<float>("wheels.radius"[01;31m[K)[m[K;
[9.457s]       |                                                 [01;31m[K^[m[K
[9.457s] In file included from [01m[K/opt/ros/foxy/include/rclcpp/node.hpp:1224[m[K,
[9.458s]                  from [01m[K/opt/ros/foxy/include/rclcpp/executors/single_threaded_executor.hpp:28[m[K,
[9.458s]                  from [01m[K/opt/ros/foxy/include/rclcpp/executors.hpp:22[m[K,
[9.458s]                  from [01m[K/opt/ros/foxy/include/rclcpp/rclcpp.hpp:146[m[K,
[9.458s]                  from [01m[K/opt/ros/foxy/include/tf2_ros/transform_broadcaster.h:36[m[K,
[9.458s]                  from [01m[K/home/orin/test_ws/src/turtlebot3/turtlebot3_node/include/turtlebot3_node/turtlebot3.hpp:29[m[K,
[9.458s]                  from [01m[K/home/orin/test_ws/src/turtlebot3/turtlebot3_node/src/turtlebot3.cpp:17[m[K:
[9.458s] [01m[K/opt/ros/foxy/include/rclcpp/node_impl.hpp:157:1:[m[K [01;36m[Knote: [m[Kcandidate: â€˜[01m[Kauto rclcpp::Node::declare_parameter(const string&, const ParameterT&, const ParameterDescriptor&, bool) [with ParameterT = float; std::string = std::__cxx11::basic_string<char>; rcl_interfaces::msg::ParameterDescriptor = rcl_interfaces::msg::ParameterDescriptor_<std::allocator<void> >][m[Kâ€™
[9.458s]   157 | [01;36m[KNode[m[K::declare_parameter(
[9.459s]       | [01;36m[K^~~~[m[K
[9.459s] [01m[K/opt/ros/foxy/include/rclcpp/node_impl.hpp:157:1:[m[K [01;36m[Knote: [m[K  candidate expects 4 arguments, 1 provided
[9.459s] [01m[K/home/orin/test_ws/src/turtlebot3/turtlebot3_node/src/turtlebot3.cpp:[m[K In member function â€˜[01m[Kvoid robotis::turtlebot3::TurtleBot3::add_sensors()[m[Kâ€™:
[9.459s] [01m[K/home/orin/test_ws/src/turtlebot3/turtlebot3_node/src/turtlebot3.cpp:151:54:[m[K [01;31m[Kerror: [m[Kno matching function for call to â€˜[01m[Krobotis::turtlebot3::TurtleBot3::declare_parameter<uint8_t>(const char [17])[m[Kâ€™
[9.459s]   151 |   this->declare_parameter<uint8_t>("sensors.bumper_1"[01;31m[K)[m[K;
[9.459s]       |                                                      [01;31m[K^[m[K
[9.459s] In file included from [01m[K/opt/ros/foxy/include/rclcpp/node.hpp:1224[m[K,
[9.460s]                  from [01m[K/opt/ros/foxy/include/rclcpp/executors/single_threaded_executor.hpp:28[m[K,
[9.460s]                  from [01m[K/opt/ros/foxy/include/rclcpp/executors.hpp:22[m[K,
[9.460s]                  from [01m[K/opt/ros/foxy/include/rclcpp/rclcpp.hpp:146[m[K,
[9.460s]                  from [01m[K/opt/ros/foxy/include/tf2_ros/transform_broadcaster.h:36[m[K,
[9.460s]                  from [01m[K/home/orin/test_ws/src/turtlebot3/turtlebot3_node/include/turtlebot3_node/turtlebot3.hpp:29[m[K,
[9.460s]                  from [01m[K/home/orin/test_ws/src/turtlebot3/turtlebot3_node/src/turtlebot3.cpp:17[m[K:
[9.460s] [01m[K/opt/ros/foxy/include/rclcpp/node_impl.hpp:157:1:[m[K [01;36m[Knote: [m[Kcandidate: â€˜[01m[Kauto rclcpp::Node::declare_parameter(const string&, const ParameterT&, const ParameterDescriptor&, bool) [with ParameterT = unsigned char; std::string = std::__cxx11::basic_string<char>; rcl_interfaces::msg::ParameterDescriptor = rcl_interfaces::msg::ParameterDescriptor_<std::allocator<void> >][m[Kâ€™
[9.461s]   157 | [01;36m[KNode[m[K::declare_parameter(
[9.461s]       | [01;36m[K^~~~[m[K
[9.461s] [01m[K/opt/ros/foxy/include/rclcpp/node_impl.hpp:157:1:[m[K [01;36m[Knote: [m[K  candidate expects 4 arguments, 1 provided
[9.461s] [01m[K/home/orin/test_ws/src/turtlebot3/turtlebot3_node/src/turtlebot3.cpp:152:54:[m[K [01;31m[Kerror: [m[Kno matching function for call to â€˜[01m[Krobotis::turtlebot3::TurtleBot3::declare_parameter<uint8_t>(const char [17])[m[Kâ€™
[9.461s]   152 |   this->declare_parameter<uint8_t>("sensors.bumper_2"[01;31m[K)[m[K;
[9.461s]       |                                                      [01;31m[K^[m[K
[9.461s] In file included from [01m[K/opt/ros/foxy/include/rclcpp/node.hpp:1224[m[K,
[9.461s]                  from [01m[K/opt/ros/foxy/include/rclcpp/executors/single_threaded_executor.hpp:28[m[K,
[9.462s]                  from [01m[K/opt/ros/foxy/include/rclcpp/executors.hpp:22[m[K,
[9.462s]                  from [01m[K/opt/ros/foxy/include/rclcpp/rclcpp.hpp:146[m[K,
[9.462s]                  from [01m[K/opt/ros/foxy/include/tf2_ros/transform_broadcaster.h:36[m[K,
[9.462s]                  from [01m[K/home/orin/test_ws/src/turtlebot3/turtlebot3_node/include/turtlebot3_node/turtlebot3.hpp:29[m[K,
[9.462s]                  from [01m[K/home/orin/test_ws/src/turtlebot3/turtlebot3_node/src/turtlebot3.cpp:17[m[K:
[9.462s] [01m[K/opt/ros/foxy/include/rclcpp/node_impl.hpp:157:1:[m[K [01;36m[Knote: [m[Kcandidate: â€˜[01m[Kauto rclcpp::Node::declare_parameter(const string&, const ParameterT&, const ParameterDescriptor&, bool) [with ParameterT = unsigned char; std::string = std::__cxx11::basic_string<char>; rcl_interfaces::msg::ParameterDescriptor = rcl_interfaces::msg::ParameterDescriptor_<std::allocator<void> >][m[Kâ€™
[9.462s]   157 | [01;36m[KNode[m[K::declare_parameter(
[9.463s]       | [01;36m[K^~~~[m[K
[9.463s] [01m[K/opt/ros/foxy/include/rclcpp/node_impl.hpp:157:1:[m[K [01;36m[Knote: [m[K  candidate expects 4 arguments, 1 provided
[9.463s] [01m[K/home/orin/test_ws/src/turtlebot3/turtlebot3_node/src/turtlebot3.cpp:153:58:[m[K [01;31m[Kerror: [m[Kno matching function for call to â€˜[01m[Krobotis::turtlebot3::TurtleBot3::declare_parameter<uint8_t>(const char [21])[m[Kâ€™
[9.463s]   153 |   this->declare_parameter<uint8_t>("sensors.illumination"[01;31m[K)[m[K;
[9.463s]       |                                                          [01;31m[K^[m[K
[9.463s] In file included from [01m[K/opt/ros/foxy/include/rclcpp/node.hpp:1224[m[K,
[9.464s]                  from [01m[K/opt/ros/foxy/include/rclcpp/executors/single_threaded_executor.hpp:28[m[K,
[9.464s]                  from [01m[K/opt/ros/foxy/include/rclcpp/executors.hpp:22[m[K,
[9.464s]                  from [01m[K/opt/ros/foxy/include/rclcpp/rclcpp.hpp:146[m[K,
[9.464s]                  from [01m[K/opt/ros/foxy/include/tf2_ros/transform_broadcaster.h:36[m[K,
[9.464s]                  from [01m[K/home/orin/test_ws/src/turtlebot3/turtlebot3_node/include/turtlebot3_node/turtlebot3.hpp:29[m[K,
[9.464s]                  from [01m[K/home/orin/test_ws/src/turtlebot3/turtlebot3_node/src/turtlebot3.cpp:17[m[K:
[9.464s] [01m[K/opt/ros/foxy/include/rclcpp/node_impl.hpp:157:1:[m[K [01;36m[Knote: [m[Kcandidate: â€˜[01m[Kauto rclcpp::Node::declare_parameter(const string&, const ParameterT&, const ParameterDescriptor&, bool) [with ParameterT = unsigned char; std::string = std::__cxx11::basic_string<char>; rcl_interfaces::msg::ParameterDescriptor = rcl_interfaces::msg::ParameterDescriptor_<std::allocator<void> >][m[Kâ€™
[9.465s]   157 | [01;36m[KNode[m[K::declare_parameter(
[9.465s]       | [01;36m[K^~~~[m[K
[9.465s] [01m[K/opt/ros/foxy/include/rclcpp/node_impl.hpp:157:1:[m[K [01;36m[Knote: [m[K  candidate expects 4 arguments, 1 provided
[9.465s] [01m[K/home/orin/test_ws/src/turtlebot3/turtlebot3_node/src/turtlebot3.cpp:154:48:[m[K [01;31m[Kerror: [m[Kno matching function for call to â€˜[01m[Krobotis::turtlebot3::TurtleBot3::declare_parameter<uint8_t>(const char [11])[m[Kâ€™
[9.465s]   154 |   this->declare_parameter<uint8_t>("sensors.ir"[01;31m[K)[m[K;
[9.465s]       |                                                [01;31m[K^[m[K
[9.465s] In file included from [01m[K/opt/ros/foxy/include/rclcpp/node.hpp:1224[m[K,
[9.466s]                  from [01m[K/opt/ros/foxy/include/rclcpp/executors/single_threaded_executor.hpp:28[m[K,
[9.466s]                  from [01m[K/opt/ros/foxy/include/rclcpp/executors.hpp:22[m[K,
[9.466s]                  from [01m[K/opt/ros/foxy/include/rclcpp/rclcpp.hpp:146[m[K,
[9.466s]                  from [01m[K/opt/ros/foxy/include/tf2_ros/transform_broadcaster.h:36[m[K,
[9.466s]                  from [01m[K/home/orin/test_ws/src/turtlebot3/turtlebot3_node/include/turtlebot3_node/turtlebot3.hpp:29[m[K,
[9.466s]                  from [01m[K/home/orin/test_ws/src/turtlebot3/turtlebot3_node/src/turtlebot3.cpp:17[m[K:
[9.466s] [01m[K/opt/ros/foxy/include/rclcpp/node_impl.hpp:157:1:[m[K [01;36m[Knote: [m[Kcandidate: â€˜[01m[Kauto rclcpp::Node::declare_parameter(const string&, const ParameterT&, const ParameterDescriptor&, bool) [with ParameterT = unsigned char; std::string = std::__cxx11::basic_string<char>; rcl_interfaces::msg::ParameterDescriptor = rcl_interfaces::msg::ParameterDescriptor_<std::allocator<void> >][m[Kâ€™
[9.466s]   157 | [01;36m[KNode[m[K::declare_parameter(
[9.467s]       | [01;36m[K^~~~[m[K
[9.485s] [01m[K/opt/ros/foxy/include/rclcpp/node_impl.hpp:157:1:[m[K [01;36m[Knote: [m[K  candidate expects 4 arguments, 1 provided
[9.485s] [01m[K/home/orin/test_ws/src/turtlebot3/turtlebot3_node/src/turtlebot3.cpp:155:51:[m[K [01;31m[Kerror: [m[Kno matching function for call to â€˜[01m[Krobotis::turtlebot3::TurtleBot3::declare_parameter<uint8_t>(const char [14])[m[Kâ€™
[9.486s]   155 |   this->declare_parameter<uint8_t>("sensors.sonar"[01;31m[K)[m[K;
[9.486s]       |                                                   [01;31m[K^[m[K
[9.486s] In file included from [01m[K/opt/ros/foxy/include/rclcpp/node.hpp:1224[m[K,
[9.486s]                  from [01m[K/opt/ros/foxy/include/rclcpp/executors/single_threaded_executor.hpp:28[m[K,
[9.486s]                  from [01m[K/opt/ros/foxy/include/rclcpp/executors.hpp:22[m[K,
[9.486s]                  from [01m[K/opt/ros/foxy/include/rclcpp/rclcpp.hpp:146[m[K,
[9.486s]                  from [01m[K/opt/ros/foxy/include/tf2_ros/transform_broadcaster.h:36[m[K,
[9.487s]                  from [01m[K/home/orin/test_ws/src/turtlebot3/turtlebot3_node/include/turtlebot3_node/turtlebot3.hpp:29[m[K,
[9.487s]                  from [01m[K/home/orin/test_ws/src/turtlebot3/turtlebot3_node/src/turtlebot3.cpp:17[m[K:
[9.487s] [01m[K/opt/ros/foxy/include/rclcpp/node_impl.hpp:157:1:[m[K [01;36m[Knote: [m[Kcandidate: â€˜[01m[Kauto rclcpp::Node::declare_parameter(const string&, const ParameterT&, const ParameterDescriptor&, bool) [with ParameterT = unsigned char; std::string = std::__cxx11::basic_string<char>; rcl_interfaces::msg::ParameterDescriptor = rcl_interfaces::msg::ParameterDescriptor_<std::allocator<void> >][m[Kâ€™
[9.487s]   157 | [01;36m[KNode[m[K::declare_parameter(
[9.487s]       | [01;36m[K^~~~[m[K
[9.487s] [01m[K/opt/ros/foxy/include/rclcpp/node_impl.hpp:157:1:[m[K [01;36m[Knote: [m[K  candidate expects 4 arguments, 1 provided
[15.109s] make[2]: *** [CMakeFiles/turtlebot3_node_lib.dir/build.make:160: CMakeFiles/turtlebot3_node_lib.dir/src/turtlebot3.cpp.o] Error 1
[15.109s] make[2]: *** Waiting for unfinished jobs....
[17.479s] make[2]: *** [CMakeFiles/turtlebot3_node_lib.dir/build.make:146: CMakeFiles/turtlebot3_node_lib.dir/src/odometry.cpp.o] Error 1
[17.480s] make[1]: *** [CMakeFiles/Makefile2:139: CMakeFiles/turtlebot3_node_lib.dir/all] Error 2
[17.480s] make: *** [Makefile:146: all] Error 2
[17.494s] Invoked command in '/home/orin/test_ws/src/build/turtlebot3_node' returned '2': AMENT_PREFIX_PATH=/home/orin/test_ws/src/install/turtlebot3_msgs:/home/orin/test_ws/src/install/dynamixel_sdk:${AMENT_PREFIX_PATH} CMAKE_PREFIX_PATH=/home/orin/test_ws/src/install/turtlebot3_msgs:/home/orin/test_ws/src/install/dynamixel_sdk:/opt/ros/foxy LD_LIBRARY_PATH=/home/orin/test_ws/src/install/turtlebot3_msgs/lib:/home/orin/test_ws/src/install/dynamixel_sdk/lib:/opt/ros/foxy/opt/yaml_cpp_vendor/lib:/opt/ros/foxy/opt/rviz_ogre_vendor/lib:/opt/ros/foxy/lib/aarch64-linux-gnu:/opt/ros/foxy/lib:/usr/local/cuda/lib64:/usr/local/cuda/lib64 PYTHONPATH=/home/orin/test_ws/src/install/turtlebot3_msgs/lib/python3.8/site-packages:${PYTHONPATH} /usr/local/bin/cmake --build /home/orin/test_ws/src/build/turtlebot3_node -- -j12 -l12
