[  7%] [32mBuilding CXX object CMakeFiles/turtlebot3_node_lib.dir/src/odometry.cpp.o[0m
[ 14%] [32mBuilding CXX object CMakeFiles/turtlebot3_node_lib.dir/src/turtlebot3.cpp.o[0m
[01m[K/home/orin/test_ws/src/turtlebot3/turtlebot3_node/src/odometry.cpp:[m[K In constructor â€˜[01m[Krobotis::turtlebot3::Odometry::Odometry(std::shared_ptr<rclcpp::Node>&, double, double)[m[Kâ€™:
[01m[K/home/orin/test_ws/src/turtlebot3/turtlebot3_node/src/odometry.cpp:39:58:[m[K [01;31m[Kerror: [m[Kno matching function for call to â€˜[01m[Krclcpp::Node::declare_parameter<std::string>(const char [18])[m[Kâ€™
   39 |   nh_->declare_parameter<std::string>("odometry.frame_id"[01;31m[K)[m[K;
      |                                                          [01;31m[K^[m[K
In file included from [01m[K/opt/ros/foxy/include/rclcpp/node.hpp:1224[m[K,
                 from [01m[K/opt/ros/foxy/include/rclcpp/executors/single_threaded_executor.hpp:28[m[K,
                 from [01m[K/opt/ros/foxy/include/rclcpp/executors.hpp:22[m[K,
                 from [01m[K/opt/ros/foxy/include/rclcpp/rclcpp.hpp:146[m[K,
                 from [01m[K/opt/ros/foxy/include/message_filters/subscriber.h:38[m[K,
                 from [01m[K/home/orin/test_ws/src/turtlebot3/turtlebot3_node/include/turtlebot3_node/odometry.hpp:25[m[K,
                 from [01m[K/home/orin/test_ws/src/turtlebot3/turtlebot3_node/src/odometry.cpp:17[m[K:
[01m[K/opt/ros/foxy/include/rclcpp/node_impl.hpp:157:1:[m[K [01;36m[Knote: [m[Kcandidate: â€˜[01m[Kauto rclcpp::Node::declare_parameter(const string&, const ParameterT&, const ParameterDescriptor&, bool) [with ParameterT = std::__cxx11::basic_string<char>; std::string = std::__cxx11::basic_string<char>; rcl_interfaces::msg::ParameterDescriptor = rcl_interfaces::msg::ParameterDescriptor_<std::allocator<void> >][m[Kâ€™
  157 | [01;36m[KNode[m[K::declare_parameter(
      | [01;36m[K^~~~[m[K
[01m[K/opt/ros/foxy/include/rclcpp/node_impl.hpp:157:1:[m[K [01;36m[Knote: [m[K  candidate expects 4 arguments, 1 provided
[01m[K/home/orin/test_ws/src/turtlebot3/turtlebot3_node/src/odometry.cpp:40:64:[m[K [01;31m[Kerror: [m[Kno matching function for call to â€˜[01m[Krclcpp::Node::declare_parameter<std::string>(const char [24])[m[Kâ€™
   40 |   nh_->declare_parameter<std::string>("odometry.child_frame_id"[01;31m[K)[m[K;
      |                                                                [01;31m[K^[m[K
In file included from [01m[K/opt/ros/foxy/include/rclcpp/node.hpp:1224[m[K,
                 from [01m[K/opt/ros/foxy/include/rclcpp/executors/single_threaded_executor.hpp:28[m[K,
                 from [01m[K/opt/ros/foxy/include/rclcpp/executors.hpp:22[m[K,
                 from [01m[K/opt/ros/foxy/include/rclcpp/rclcpp.hpp:146[m[K,
                 from [01m[K/opt/ros/foxy/include/message_filters/subscriber.h:38[m[K,
                 from [01m[K/home/orin/test_ws/src/turtlebot3/turtlebot3_node/include/turtlebot3_node/odometry.hpp:25[m[K,
                 from [01m[K/home/orin/test_ws/src/turtlebot3/turtlebot3_node/src/odometry.cpp:17[m[K:
[01m[K/opt/ros/foxy/include/rclcpp/node_impl.hpp:157:1:[m[K [01;36m[Knote: [m[Kcandidate: â€˜[01m[Kauto rclcpp::Node::declare_parameter(const string&, const ParameterT&, const ParameterDescriptor&, bool) [with ParameterT = std::__cxx11::basic_string<char>; std::string = std::__cxx11::basic_string<char>; rcl_interfaces::msg::ParameterDescriptor = rcl_interfaces::msg::ParameterDescriptor_<std::allocator<void> >][m[Kâ€™
  157 | [01;36m[KNode[m[K::declare_parameter(
      | [01;36m[K^~~~[m[K
[01m[K/opt/ros/foxy/include/rclcpp/node_impl.hpp:157:1:[m[K [01;36m[Knote: [m[K  candidate expects 4 arguments, 1 provided
[01m[K/home/orin/test_ws/src/turtlebot3/turtlebot3_node/src/odometry.cpp:42:50:[m[K [01;31m[Kerror: [m[Kno matching function for call to â€˜[01m[Krclcpp::Node::declare_parameter<bool>(const char [17])[m[Kâ€™
   42 |   nh_->declare_parameter<bool>("odometry.use_imu"[01;31m[K)[m[K;
      |                                                  [01;31m[K^[m[K
In file included from [01m[K/opt/ros/foxy/include/rclcpp/node.hpp:1224[m[K,
                 from [01m[K/opt/ros/foxy/include/rclcpp/executors/single_threaded_executor.hpp:28[m[K,
                 from [01m[K/opt/ros/foxy/include/rclcpp/executors.hpp:22[m[K,
                 from [01m[K/opt/ros/foxy/include/rclcpp/rclcpp.hpp:146[m[K,
                 from [01m[K/opt/ros/foxy/include/message_filters/subscriber.h:38[m[K,
                 from [01m[K/home/orin/test_ws/src/turtlebot3/turtlebot3_node/include/turtlebot3_node/odometry.hpp:25[m[K,
                 from [01m[K/home/orin/test_ws/src/turtlebot3/turtlebot3_node/src/odometry.cpp:17[m[K:
[01m[K/opt/ros/foxy/include/rclcpp/node_impl.hpp:157:1:[m[K [01;36m[Knote: [m[Kcandidate: â€˜[01m[Kauto rclcpp::Node::declare_parameter(const string&, const ParameterT&, const ParameterDescriptor&, bool) [with ParameterT = bool; std::string = std::__cxx11::basic_string<char>; rcl_interfaces::msg::ParameterDescriptor = rcl_interfaces::msg::ParameterDescriptor_<std::allocator<void> >][m[Kâ€™
  157 | [01;36m[KNode[m[K::declare_parameter(
      | [01;36m[K^~~~[m[K
[01m[K/opt/ros/foxy/include/rclcpp/node_impl.hpp:157:1:[m[K [01;36m[Knote: [m[K  candidate expects 4 arguments, 1 provided
[01m[K/home/orin/test_ws/src/turtlebot3/turtlebot3_node/src/odometry.cpp:43:53:[m[K [01;31m[Kerror: [m[Kno matching function for call to â€˜[01m[Krclcpp::Node::declare_parameter<bool>(const char [20])[m[Kâ€™
   43 |   nh_->declare_parameter<bool>("odometry.publish_tf"[01;31m[K)[m[K;
      |                                                     [01;31m[K^[m[K
In file included from [01m[K/opt/ros/foxy/include/rclcpp/node.hpp:1224[m[K,
                 from [01m[K/opt/ros/foxy/include/rclcpp/executors/single_threaded_executor.hpp:28[m[K,
                 from [01m[K/opt/ros/foxy/include/rclcpp/executors.hpp:22[m[K,
                 from [01m[K/opt/ros/foxy/include/rclcpp/rclcpp.hpp:146[m[K,
                 from [01m[K/opt/ros/foxy/include/message_filters/subscriber.h:38[m[K,
                 from [01m[K/home/orin/test_ws/src/turtlebot3/turtlebot3_node/include/turtlebot3_node/odometry.hpp:25[m[K,
                 from [01m[K/home/orin/test_ws/src/turtlebot3/turtlebot3_node/src/odometry.cpp:17[m[K:
[01m[K/opt/ros/foxy/include/rclcpp/node_impl.hpp:157:1:[m[K [01;36m[Knote: [m[Kcandidate: â€˜[01m[Kauto rclcpp::Node::declare_parameter(const string&, const ParameterT&, const ParameterDescriptor&, bool) [with ParameterT = bool; std::string = std::__cxx11::basic_string<char>; rcl_interfaces::msg::ParameterDescriptor = rcl_interfaces::msg::ParameterDescriptor_<std::allocator<void> >][m[Kâ€™
  157 | [01;36m[KNode[m[K::declare_parameter(
      | [01;36m[K^~~~[m[K
[01m[K/opt/ros/foxy/include/rclcpp/node_impl.hpp:157:1:[m[K [01;36m[Knote: [m[K  candidate expects 4 arguments, 1 provided
[01m[K/home/orin/test_ws/src/turtlebot3/turtlebot3_node/src/turtlebot3.cpp:[m[K In member function â€˜[01m[Kvoid robotis::turtlebot3::TurtleBot3::init_dynamixel_sdk_wrapper(const string&)[m[Kâ€™:
[01m[K/home/orin/test_ws/src/turtlebot3/turtlebot3_node/src/turtlebot3.cpp:56:47:[m[K [01;31m[Kerror: [m[Kno matching function for call to â€˜[01m[Krobotis::turtlebot3::TurtleBot3::declare_parameter<uint8_t>(const char [10])[m[Kâ€™
   56 |   this->declare_parameter<uint8_t>("opencr.id"[01;31m[K)[m[K;
      |                                               [01;31m[K^[m[K
In file included from [01m[K/opt/ros/foxy/include/rclcpp/node.hpp:1224[m[K,
                 from [01m[K/opt/ros/foxy/include/rclcpp/executors/single_threaded_executor.hpp:28[m[K,
                 from [01m[K/opt/ros/foxy/include/rclcpp/executors.hpp:22[m[K,
                 from [01m[K/opt/ros/foxy/include/rclcpp/rclcpp.hpp:146[m[K,
                 from [01m[K/opt/ros/foxy/include/tf2_ros/transform_broadcaster.h:36[m[K,
                 from [01m[K/home/orin/test_ws/src/turtlebot3/turtlebot3_node/include/turtlebot3_node/turtlebot3.hpp:29[m[K,
                 from [01m[K/home/orin/test_ws/src/turtlebot3/turtlebot3_node/src/turtlebot3.cpp:17[m[K:
[01m[K/opt/ros/foxy/include/rclcpp/node_impl.hpp:157:1:[m[K [01;36m[Knote: [m[Kcandidate: â€˜[01m[Kauto rclcpp::Node::declare_parameter(const string&, const ParameterT&, const ParameterDescriptor&, bool) [with ParameterT = unsigned char; std::string = std::__cxx11::basic_string<char>; rcl_interfaces::msg::ParameterDescriptor = rcl_interfaces::msg::ParameterDescriptor_<std::allocator<void> >][m[Kâ€™
  157 | [01;36m[KNode[m[K::declare_parameter(
      | [01;36m[K^~~~[m[K
[01m[K/opt/ros/foxy/include/rclcpp/node_impl.hpp:157:1:[m[K [01;36m[Knote: [m[K  candidate expects 4 arguments, 1 provided
[01m[K/home/orin/test_ws/src/turtlebot3/turtlebot3_node/src/turtlebot3.cpp:57:50:[m[K [01;31m[Kerror: [m[Kno matching function for call to â€˜[01m[Krobotis::turtlebot3::TurtleBot3::declare_parameter<int>(const char [17])[m[Kâ€™
   57 |   this->declare_parameter<int>("opencr.baud_rate"[01;31m[K)[m[K;
      |                                                  [01;31m[K^[m[K
In file included from [01m[K/opt/ros/foxy/include/rclcpp/node.hpp:1224[m[K,
                 from [01m[K/opt/ros/foxy/include/rclcpp/executors/single_threaded_executor.hpp:28[m[K,
                 from [01m[K/opt/ros/foxy/include/rclcpp/executors.hpp:22[m[K,
                 from [01m[K/opt/ros/foxy/include/rclcpp/rclcpp.hpp:146[m[K,
                 from [01m[K/opt/ros/foxy/include/tf2_ros/transform_broadcaster.h:36[m[K,
                 from [01m[K/home/orin/test_ws/src/turtlebot3/turtlebot3_node/include/turtlebot3_node/turtlebot3.hpp:29[m[K,
                 from [01m[K/home/orin/test_ws/src/turtlebot3/turtlebot3_node/src/turtlebot3.cpp:17[m[K:
[01m[K/opt/ros/foxy/include/rclcpp/node_impl.hpp:157:1:[m[K [01;36m[Knote: [m[Kcandidate: â€˜[01m[Kauto rclcpp::Node::declare_parameter(const string&, const ParameterT&, const ParameterDescriptor&, bool) [with ParameterT = int; std::string = std::__cxx11::basic_string<char>; rcl_interfaces::msg::ParameterDescriptor = rcl_interfaces::msg::ParameterDescriptor_<std::allocator<void> >][m[Kâ€™
  157 | [01;36m[KNode[m[K::declare_parameter(
      | [01;36m[K^~~~[m[K
[01m[K/opt/ros/foxy/include/rclcpp/node_impl.hpp:157:1:[m[K [01;36m[Knote: [m[K  candidate expects 4 arguments, 1 provided
[01m[K/home/orin/test_ws/src/turtlebot3/turtlebot3_node/src/turtlebot3.cpp:58:59:[m[K [01;31m[Kerror: [m[Kno matching function for call to â€˜[01m[Krobotis::turtlebot3::TurtleBot3::declare_parameter<float>(const char [24])[m[Kâ€™
   58 |   this->declare_parameter<float>("opencr.protocol_version"[01;31m[K)[m[K;
      |                                                           [01;31m[K^[m[K
In file included from [01m[K/opt/ros/foxy/include/rclcpp/node.hpp:1224[m[K,
                 from [01m[K/opt/ros/foxy/include/rclcpp/executors/single_threaded_executor.hpp:28[m[K,
                 from [01m[K/opt/ros/foxy/include/rclcpp/executors.hpp:22[m[K,
                 from [01m[K/opt/ros/foxy/include/rclcpp/rclcpp.hpp:146[m[K,
                 from [01m[K/opt/ros/foxy/include/tf2_ros/transform_broadcaster.h:36[m[K,
                 from [01m[K/home/orin/test_ws/src/turtlebot3/turtlebot3_node/include/turtlebot3_node/turtlebot3.hpp:29[m[K,
                 from [01m[K/home/orin/test_ws/src/turtlebot3/turtlebot3_node/src/turtlebot3.cpp:17[m[K:
[01m[K/opt/ros/foxy/include/rclcpp/node_impl.hpp:157:1:[m[K [01;36m[Knote: [m[Kcandidate: â€˜[01m[Kauto rclcpp::Node::declare_parameter(const string&, const ParameterT&, const ParameterDescriptor&, bool) [with ParameterT = float; std::string = std::__cxx11::basic_string<char>; rcl_interfaces::msg::ParameterDescriptor = rcl_interfaces::msg::ParameterDescriptor_<std::allocator<void> >][m[Kâ€™
  157 | [01;36m[KNode[m[K::declare_parameter(
      | [01;36m[K^~~~[m[K
[01m[K/opt/ros/foxy/include/rclcpp/node_impl.hpp:157:1:[m[K [01;36m[Knote: [m[K  candidate expects 4 arguments, 1 provided
[01m[K/home/orin/test_ws/src/turtlebot3/turtlebot3_node/src/turtlebot3.cpp:[m[K In member function â€˜[01m[Kvoid robotis::turtlebot3::TurtleBot3::add_motors()[m[Kâ€™:
[01m[K/home/orin/test_ws/src/turtlebot3/turtlebot3_node/src/turtlebot3.cpp:116:72:[m[K [01;31m[Kerror: [m[Kno matching function for call to â€˜[01m[Krobotis::turtlebot3::TurtleBot3::declare_parameter<float>(const char [37])[m[Kâ€™
  116 |   this->declare_parameter<float>("motors.profile_acceleration_constant"[01;31m[K)[m[K;
      |                                                                        [01;31m[K^[m[K
In file included from [01m[K/opt/ros/foxy/include/rclcpp/node.hpp:1224[m[K,
                 from [01m[K/opt/ros/foxy/include/rclcpp/executors/single_threaded_executor.hpp:28[m[K,
                 from [01m[K/opt/ros/foxy/include/rclcpp/executors.hpp:22[m[K,
                 from [01m[K/opt/ros/foxy/include/rclcpp/rclcpp.hpp:146[m[K,
                 from [01m[K/opt/ros/foxy/include/tf2_ros/transform_broadcaster.h:36[m[K,
                 from [01m[K/home/orin/test_ws/src/turtlebot3/turtlebot3_node/include/turtlebot3_node/turtlebot3.hpp:29[m[K,
                 from [01m[K/home/orin/test_ws/src/turtlebot3/turtlebot3_node/src/turtlebot3.cpp:17[m[K:
[01m[K/opt/ros/foxy/include/rclcpp/node_impl.hpp:157:1:[m[K [01;36m[Knote: [m[Kcandidate: â€˜[01m[Kauto rclcpp::Node::declare_parameter(const string&, const ParameterT&, const ParameterDescriptor&, bool) [with ParameterT = float; std::string = std::__cxx11::basic_string<char>; rcl_interfaces::msg::ParameterDescriptor = rcl_interfaces::msg::ParameterDescriptor_<std::allocator<void> >][m[Kâ€™
  157 | [01;36m[KNode[m[K::declare_parameter(
      | [01;36m[K^~~~[m[K
[01m[K/opt/ros/foxy/include/rclcpp/node_impl.hpp:157:1:[m[K [01;36m[Knote: [m[K  candidate expects 4 arguments, 1 provided
[01m[K/home/orin/test_ws/src/turtlebot3/turtlebot3_node/src/turtlebot3.cpp:117:63:[m[K [01;31m[Kerror: [m[Kno matching function for call to â€˜[01m[Krobotis::turtlebot3::TurtleBot3::declare_parameter<float>(const char [28])[m[Kâ€™
  117 |   this->declare_parameter<float>("motors.profile_acceleration"[01;31m[K)[m[K;
      |                                                               [01;31m[K^[m[K
In file included from [01m[K/opt/ros/foxy/include/rclcpp/node.hpp:1224[m[K,
                 from [01m[K/opt/ros/foxy/include/rclcpp/executors/single_threaded_executor.hpp:28[m[K,
                 from [01m[K/opt/ros/foxy/include/rclcpp/executors.hpp:22[m[K,
                 from [01m[K/opt/ros/foxy/include/rclcpp/rclcpp.hpp:146[m[K,
                 from [01m[K/opt/ros/foxy/include/tf2_ros/transform_broadcaster.h:36[m[K,
                 from [01m[K/home/orin/test_ws/src/turtlebot3/turtlebot3_node/include/turtlebot3_node/turtlebot3.hpp:29[m[K,
                 from [01m[K/home/orin/test_ws/src/turtlebot3/turtlebot3_node/src/turtlebot3.cpp:17[m[K:
[01m[K/opt/ros/foxy/include/rclcpp/node_impl.hpp:157:1:[m[K [01;36m[Knote: [m[Kcandidate: â€˜[01m[Kauto rclcpp::Node::declare_parameter(const string&, const ParameterT&, const ParameterDescriptor&, bool) [with ParameterT = float; std::string = std::__cxx11::basic_string<char>; rcl_interfaces::msg::ParameterDescriptor = rcl_interfaces::msg::ParameterDescriptor_<std::allocator<void> >][m[Kâ€™
  157 | [01;36m[KNode[m[K::declare_parameter(
      | [01;36m[K^~~~[m[K
[01m[K/opt/ros/foxy/include/rclcpp/node_impl.hpp:157:1:[m[K [01;36m[Knote: [m[K  candidate expects 4 arguments, 1 provided
[01m[K/home/orin/test_ws/src/turtlebot3/turtlebot3_node/src/turtlebot3.cpp:[m[K In member function â€˜[01m[Kvoid robotis::turtlebot3::TurtleBot3::add_wheels()[m[Kâ€™:
[01m[K/home/orin/test_ws/src/turtlebot3/turtlebot3_node/src/turtlebot3.cpp:134:53:[m[K [01;31m[Kerror: [m[Kno matching function for call to â€˜[01m[Krobotis::turtlebot3::TurtleBot3::declare_parameter<float>(const char [18])[m[Kâ€™
  134 |   this->declare_parameter<float>("wheels.separation"[01;31m[K)[m[K;
      |                                                     [01;31m[K^[m[K
In file included from [01m[K/opt/ros/foxy/include/rclcpp/node.hpp:1224[m[K,
                 from [01m[K/opt/ros/foxy/include/rclcpp/executors/single_threaded_executor.hpp:28[m[K,
                 from [01m[K/opt/ros/foxy/include/rclcpp/executors.hpp:22[m[K,
                 from [01m[K/opt/ros/foxy/include/rclcpp/rclcpp.hpp:146[m[K,
                 from [01m[K/opt/ros/foxy/include/tf2_ros/transform_broadcaster.h:36[m[K,
                 from [01m[K/home/orin/test_ws/src/turtlebot3/turtlebot3_node/include/turtlebot3_node/turtlebot3.hpp:29[m[K,
                 from [01m[K/home/orin/test_ws/src/turtlebot3/turtlebot3_node/src/turtlebot3.cpp:17[m[K:
[01m[K/opt/ros/foxy/include/rclcpp/node_impl.hpp:157:1:[m[K [01;36m[Knote: [m[Kcandidate: â€˜[01m[Kauto rclcpp::Node::declare_parameter(const string&, const ParameterT&, const ParameterDescriptor&, bool) [with ParameterT = float; std::string = std::__cxx11::basic_string<char>; rcl_interfaces::msg::ParameterDescriptor = rcl_interfaces::msg::ParameterDescriptor_<std::allocator<void> >][m[Kâ€™
  157 | [01;36m[KNode[m[K::declare_parameter(
      | [01;36m[K^~~~[m[K
[01m[K/opt/ros/foxy/include/rclcpp/node_impl.hpp:157:1:[m[K [01;36m[Knote: [m[K  candidate expects 4 arguments, 1 provided
[01m[K/home/orin/test_ws/src/turtlebot3/turtlebot3_node/src/turtlebot3.cpp:135:49:[m[K [01;31m[Kerror: [m[Kno matching function for call to â€˜[01m[Krobotis::turtlebot3::TurtleBot3::declare_parameter<float>(const char [14])[m[Kâ€™
  135 |   this->declare_parameter<float>("wheels.radius"[01;31m[K)[m[K;
      |                                                 [01;31m[K^[m[K
In file included from [01m[K/opt/ros/foxy/include/rclcpp/node.hpp:1224[m[K,
                 from [01m[K/opt/ros/foxy/include/rclcpp/executors/single_threaded_executor.hpp:28[m[K,
                 from [01m[K/opt/ros/foxy/include/rclcpp/executors.hpp:22[m[K,
                 from [01m[K/opt/ros/foxy/include/rclcpp/rclcpp.hpp:146[m[K,
                 from [01m[K/opt/ros/foxy/include/tf2_ros/transform_broadcaster.h:36[m[K,
                 from [01m[K/home/orin/test_ws/src/turtlebot3/turtlebot3_node/include/turtlebot3_node/turtlebot3.hpp:29[m[K,
                 from [01m[K/home/orin/test_ws/src/turtlebot3/turtlebot3_node/src/turtlebot3.cpp:17[m[K:
[01m[K/opt/ros/foxy/include/rclcpp/node_impl.hpp:157:1:[m[K [01;36m[Knote: [m[Kcandidate: â€˜[01m[Kauto rclcpp::Node::declare_parameter(const string&, const ParameterT&, const ParameterDescriptor&, bool) [with ParameterT = float; std::string = std::__cxx11::basic_string<char>; rcl_interfaces::msg::ParameterDescriptor = rcl_interfaces::msg::ParameterDescriptor_<std::allocator<void> >][m[Kâ€™
  157 | [01;36m[KNode[m[K::declare_parameter(
      | [01;36m[K^~~~[m[K
[01m[K/opt/ros/foxy/include/rclcpp/node_impl.hpp:157:1:[m[K [01;36m[Knote: [m[K  candidate expects 4 arguments, 1 provided
[01m[K/home/orin/test_ws/src/turtlebot3/turtlebot3_node/src/turtlebot3.cpp:[m[K In member function â€˜[01m[Kvoid robotis::turtlebot3::TurtleBot3::add_sensors()[m[Kâ€™:
[01m[K/home/orin/test_ws/src/turtlebot3/turtlebot3_node/src/turtlebot3.cpp:151:54:[m[K [01;31m[Kerror: [m[Kno matching function for call to â€˜[01m[Krobotis::turtlebot3::TurtleBot3::declare_parameter<uint8_t>(const char [17])[m[Kâ€™
  151 |   this->declare_parameter<uint8_t>("sensors.bumper_1"[01;31m[K)[m[K;
      |                                                      [01;31m[K^[m[K
In file included from [01m[K/opt/ros/foxy/include/rclcpp/node.hpp:1224[m[K,
                 from [01m[K/opt/ros/foxy/include/rclcpp/executors/single_threaded_executor.hpp:28[m[K,
                 from [01m[K/opt/ros/foxy/include/rclcpp/executors.hpp:22[m[K,
                 from [01m[K/opt/ros/foxy/include/rclcpp/rclcpp.hpp:146[m[K,
                 from [01m[K/opt/ros/foxy/include/tf2_ros/transform_broadcaster.h:36[m[K,
                 from [01m[K/home/orin/test_ws/src/turtlebot3/turtlebot3_node/include/turtlebot3_node/turtlebot3.hpp:29[m[K,
                 from [01m[K/home/orin/test_ws/src/turtlebot3/turtlebot3_node/src/turtlebot3.cpp:17[m[K:
[01m[K/opt/ros/foxy/include/rclcpp/node_impl.hpp:157:1:[m[K [01;36m[Knote: [m[Kcandidate: â€˜[01m[Kauto rclcpp::Node::declare_parameter(const string&, const ParameterT&, const ParameterDescriptor&, bool) [with ParameterT = unsigned char; std::string = std::__cxx11::basic_string<char>; rcl_interfaces::msg::ParameterDescriptor = rcl_interfaces::msg::ParameterDescriptor_<std::allocator<void> >][m[Kâ€™
  157 | [01;36m[KNode[m[K::declare_parameter(
      | [01;36m[K^~~~[m[K
[01m[K/opt/ros/foxy/include/rclcpp/node_impl.hpp:157:1:[m[K [01;36m[Knote: [m[K  candidate expects 4 arguments, 1 provided
[01m[K/home/orin/test_ws/src/turtlebot3/turtlebot3_node/src/turtlebot3.cpp:152:54:[m[K [01;31m[Kerror: [m[Kno matching function for call to â€˜[01m[Krobotis::turtlebot3::TurtleBot3::declare_parameter<uint8_t>(const char [17])[m[Kâ€™
  152 |   this->declare_parameter<uint8_t>("sensors.bumper_2"[01;31m[K)[m[K;
      |                                                      [01;31m[K^[m[K
In file included from [01m[K/opt/ros/foxy/include/rclcpp/node.hpp:1224[m[K,
                 from [01m[K/opt/ros/foxy/include/rclcpp/executors/single_threaded_executor.hpp:28[m[K,
                 from [01m[K/opt/ros/foxy/include/rclcpp/executors.hpp:22[m[K,
                 from [01m[K/opt/ros/foxy/include/rclcpp/rclcpp.hpp:146[m[K,
                 from [01m[K/opt/ros/foxy/include/tf2_ros/transform_broadcaster.h:36[m[K,
                 from [01m[K/home/orin/test_ws/src/turtlebot3/turtlebot3_node/include/turtlebot3_node/turtlebot3.hpp:29[m[K,
                 from [01m[K/home/orin/test_ws/src/turtlebot3/turtlebot3_node/src/turtlebot3.cpp:17[m[K:
[01m[K/opt/ros/foxy/include/rclcpp/node_impl.hpp:157:1:[m[K [01;36m[Knote: [m[Kcandidate: â€˜[01m[Kauto rclcpp::Node::declare_parameter(const string&, const ParameterT&, const ParameterDescriptor&, bool) [with ParameterT = unsigned char; std::string = std::__cxx11::basic_string<char>; rcl_interfaces::msg::ParameterDescriptor = rcl_interfaces::msg::ParameterDescriptor_<std::allocator<void> >][m[Kâ€™
  157 | [01;36m[KNode[m[K::declare_parameter(
      | [01;36m[K^~~~[m[K
[01m[K/opt/ros/foxy/include/rclcpp/node_impl.hpp:157:1:[m[K [01;36m[Knote: [m[K  candidate expects 4 arguments, 1 provided
[01m[K/home/orin/test_ws/src/turtlebot3/turtlebot3_node/src/turtlebot3.cpp:153:58:[m[K [01;31m[Kerror: [m[Kno matching function for call to â€˜[01m[Krobotis::turtlebot3::TurtleBot3::declare_parameter<uint8_t>(const char [21])[m[Kâ€™
  153 |   this->declare_parameter<uint8_t>("sensors.illumination"[01;31m[K)[m[K;
      |                                                          [01;31m[K^[m[K
In file included from [01m[K/opt/ros/foxy/include/rclcpp/node.hpp:1224[m[K,
                 from [01m[K/opt/ros/foxy/include/rclcpp/executors/single_threaded_executor.hpp:28[m[K,
                 from [01m[K/opt/ros/foxy/include/rclcpp/executors.hpp:22[m[K,
                 from [01m[K/opt/ros/foxy/include/rclcpp/rclcpp.hpp:146[m[K,
                 from [01m[K/opt/ros/foxy/include/tf2_ros/transform_broadcaster.h:36[m[K,
                 from [01m[K/home/orin/test_ws/src/turtlebot3/turtlebot3_node/include/turtlebot3_node/turtlebot3.hpp:29[m[K,
                 from [01m[K/home/orin/test_ws/src/turtlebot3/turtlebot3_node/src/turtlebot3.cpp:17[m[K:
[01m[K/opt/ros/foxy/include/rclcpp/node_impl.hpp:157:1:[m[K [01;36m[Knote: [m[Kcandidate: â€˜[01m[Kauto rclcpp::Node::declare_parameter(const string&, const ParameterT&, const ParameterDescriptor&, bool) [with ParameterT = unsigned char; std::string = std::__cxx11::basic_string<char>; rcl_interfaces::msg::ParameterDescriptor = rcl_interfaces::msg::ParameterDescriptor_<std::allocator<void> >][m[Kâ€™
  157 | [01;36m[KNode[m[K::declare_parameter(
      | [01;36m[K^~~~[m[K
[01m[K/opt/ros/foxy/include/rclcpp/node_impl.hpp:157:1:[m[K [01;36m[Knote: [m[K  candidate expects 4 arguments, 1 provided
[01m[K/home/orin/test_ws/src/turtlebot3/turtlebot3_node/src/turtlebot3.cpp:154:48:[m[K [01;31m[Kerror: [m[Kno matching function for call to â€˜[01m[Krobotis::turtlebot3::TurtleBot3::declare_parameter<uint8_t>(const char [11])[m[Kâ€™
  154 |   this->declare_parameter<uint8_t>("sensors.ir"[01;31m[K)[m[K;
      |                                                [01;31m[K^[m[K
In file included from [01m[K/opt/ros/foxy/include/rclcpp/node.hpp:1224[m[K,
                 from [01m[K/opt/ros/foxy/include/rclcpp/executors/single_threaded_executor.hpp:28[m[K,
                 from [01m[K/opt/ros/foxy/include/rclcpp/executors.hpp:22[m[K,
                 from [01m[K/opt/ros/foxy/include/rclcpp/rclcpp.hpp:146[m[K,
                 from [01m[K/opt/ros/foxy/include/tf2_ros/transform_broadcaster.h:36[m[K,
                 from [01m[K/home/orin/test_ws/src/turtlebot3/turtlebot3_node/include/turtlebot3_node/turtlebot3.hpp:29[m[K,
                 from [01m[K/home/orin/test_ws/src/turtlebot3/turtlebot3_node/src/turtlebot3.cpp:17[m[K:
[01m[K/opt/ros/foxy/include/rclcpp/node_impl.hpp:157:1:[m[K [01;36m[Knote: [m[Kcandidate: â€˜[01m[Kauto rclcpp::Node::declare_parameter(const string&, const ParameterT&, const ParameterDescriptor&, bool) [with ParameterT = unsigned char; std::string = std::__cxx11::basic_string<char>; rcl_interfaces::msg::ParameterDescriptor = rcl_interfaces::msg::ParameterDescriptor_<std::allocator<void> >][m[Kâ€™
  157 | [01;36m[KNode[m[K::declare_parameter(
      | [01;36m[K^~~~[m[K
[01m[K/opt/ros/foxy/include/rclcpp/node_impl.hpp:157:1:[m[K [01;36m[Knote: [m[K  candidate expects 4 arguments, 1 provided
[01m[K/home/orin/test_ws/src/turtlebot3/turtlebot3_node/src/turtlebot3.cpp:155:51:[m[K [01;31m[Kerror: [m[Kno matching function for call to â€˜[01m[Krobotis::turtlebot3::TurtleBot3::declare_parameter<uint8_t>(const char [14])[m[Kâ€™
  155 |   this->declare_parameter<uint8_t>("sensors.sonar"[01;31m[K)[m[K;
      |                                                   [01;31m[K^[m[K
In file included from [01m[K/opt/ros/foxy/include/rclcpp/node.hpp:1224[m[K,
                 from [01m[K/opt/ros/foxy/include/rclcpp/executors/single_threaded_executor.hpp:28[m[K,
                 from [01m[K/opt/ros/foxy/include/rclcpp/executors.hpp:22[m[K,
                 from [01m[K/opt/ros/foxy/include/rclcpp/rclcpp.hpp:146[m[K,
                 from [01m[K/opt/ros/foxy/include/tf2_ros/transform_broadcaster.h:36[m[K,
                 from [01m[K/home/orin/test_ws/src/turtlebot3/turtlebot3_node/include/turtlebot3_node/turtlebot3.hpp:29[m[K,
                 from [01m[K/home/orin/test_ws/src/turtlebot3/turtlebot3_node/src/turtlebot3.cpp:17[m[K:
[01m[K/opt/ros/foxy/include/rclcpp/node_impl.hpp:157:1:[m[K [01;36m[Knote: [m[Kcandidate: â€˜[01m[Kauto rclcpp::Node::declare_parameter(const string&, const ParameterT&, const ParameterDescriptor&, bool) [with ParameterT = unsigned char; std::string = std::__cxx11::basic_string<char>; rcl_interfaces::msg::ParameterDescriptor = rcl_interfaces::msg::ParameterDescriptor_<std::allocator<void> >][m[Kâ€™
  157 | [01;36m[KNode[m[K::declare_parameter(
      | [01;36m[K^~~~[m[K
[01m[K/opt/ros/foxy/include/rclcpp/node_impl.hpp:157:1:[m[K [01;36m[Knote: [m[K  candidate expects 4 arguments, 1 provided
make[2]: *** [CMakeFiles/turtlebot3_node_lib.dir/build.make:160: CMakeFiles/turtlebot3_node_lib.dir/src/turtlebot3.cpp.o] Error 1
make[2]: *** Waiting for unfinished jobs....
make[2]: *** [CMakeFiles/turtlebot3_node_lib.dir/build.make:146: CMakeFiles/turtlebot3_node_lib.dir/src/odometry.cpp.o] Error 1
make[1]: *** [CMakeFiles/Makefile2:139: CMakeFiles/turtlebot3_node_lib.dir/all] Error 2
make: *** [Makefile:146: all] Error 2
